<?xml version="1.0" encoding="UTF-8"?>
<robot generator="Robot 7.0 (Python 3.12.3 on win32)" generated="2024-05-29T13:26:47.446909" rpa="false" schemaversion="5">
<suite id="s1" name="Testes" source="C:\dev\workspace\Teste-Facebook\testes">
<suite id="s1-s1" name="Evento" source="C:\dev\workspace\Teste-Facebook\testes\evento.robot">
<test id="s1-s1-t1" name="Caso de Teste: Criar evento apenas com os campos obrigatorios" line="7">
<kw name="Dado que eu acesse e realize o login" owner="setup" type="SETUP">
<kw name="Open Browser" owner="SeleniumLibrary">
<msg time="2024-05-29T13:26:48.156160" level="INFO">Opening browser 'Chrome' to base url 'https://www.facebook.com/'.</msg>
<arg>url=https://www.facebook.com/</arg>
<arg>browser=Chrome</arg>
<doc>Opens a new browser instance to the optional ``url``.</doc>
<status status="PASS" start="2024-05-29T13:26:48.156160" elapsed="2.323892"/>
</kw>
<kw name="Maximize Browser Window" owner="SeleniumLibrary">
<doc>Maximizes current browser window.</doc>
<status status="PASS" start="2024-05-29T13:26:50.480052" elapsed="0.043965"/>
</kw>
<kw name="Dado que eu preencha o email" owner="login_page">
<kw name="Wait Until Element Is Visible" owner="SeleniumLibrary">
<arg>${CAMPO_EMAIL}</arg>
<arg>15s</arg>
<doc>Waits until the element ``locator`` is visible.</doc>
<status status="PASS" start="2024-05-29T13:26:50.524017" elapsed="0.035625"/>
</kw>
<kw name="Input Text" owner="SeleniumLibrary">
<msg time="2024-05-29T13:26:50.560717" level="INFO">Typing text 'ysavilela.dev@gmail.com' into text field 'css=input[data-testid="royal_email"]'.</msg>
<arg>${CAMPO_EMAIL}</arg>
<arg>${EMAIL}</arg>
<doc>Types the given ``text`` into the text field identified by ``locator``.</doc>
<status status="PASS" start="2024-05-29T13:26:50.559642" elapsed="0.207927"/>
</kw>
<status status="PASS" start="2024-05-29T13:26:50.524017" elapsed="0.243552"/>
</kw>
<kw name="E preencha a senha" owner="login_page">
<kw name="Wait Until Element Is Visible" owner="SeleniumLibrary">
<arg>${CAMPO_SENHA}</arg>
<arg>15s</arg>
<doc>Waits until the element ``locator`` is visible.</doc>
<status status="PASS" start="2024-05-29T13:26:50.767569" elapsed="0.015423"/>
</kw>
<kw name="Input Text" owner="SeleniumLibrary">
<msg time="2024-05-29T13:26:50.782992" level="INFO">Typing text 'ysa.dev030515' into text field 'id:pass'.</msg>
<arg>${CAMPO_SENHA}</arg>
<arg>${SENHA}</arg>
<doc>Types the given ``text`` into the text field identified by ``locator``.</doc>
<status status="PASS" start="2024-05-29T13:26:50.782992" elapsed="0.171903"/>
</kw>
<status status="PASS" start="2024-05-29T13:26:50.767569" elapsed="0.187326"/>
</kw>
<kw name="E clique no botao de entrar" owner="login_page">
<kw name="Click Element" owner="SeleniumLibrary">
<msg time="2024-05-29T13:26:50.955896" level="INFO">Clicking element 'xpath=//button[contains(text(), 'Entrar')]'.</msg>
<arg>${BOTAO_LOGIN}</arg>
<doc>Click the element identified by ``locator``.</doc>
<status status="PASS" start="2024-05-29T13:26:50.955896" elapsed="0.056247"/>
</kw>
<status status="PASS" start="2024-05-29T13:26:50.954895" elapsed="0.057248"/>
</kw>
<kw name="Entao sou redirecionado para o feed inicial" owner="login_page">
<kw name="Sleep" owner="BuiltIn">
<msg time="2024-05-29T13:26:56.012917" level="INFO">Slept 5 seconds.</msg>
<arg>5s</arg>
<doc>Pauses the test executed for the given time.</doc>
<status status="PASS" start="2024-05-29T13:26:51.012143" elapsed="5.000774"/>
</kw>
<kw name="Execute Javascript" owner="SeleniumLibrary">
<msg time="2024-05-29T13:26:56.017074" level="INFO">Executing JavaScript:
document.querySelector('.__fb-light-mode.x1n2onr6.x1vjfegm').remove();
Without any arguments.</msg>
<arg>document.querySelector('.${DIV_BLOQUEIO.replace(' ', '.')}').remove();</arg>
<doc>Executes the given JavaScript code with possible arguments.</doc>
<status status="PASS" start="2024-05-29T13:26:56.012917" elapsed="0.023051"/>
</kw>
<kw name="Run Keyword And Ignore Error" owner="BuiltIn">
<kw name="Element Should Not Be Visible" owner="SeleniumLibrary">
<msg time="2024-05-29T13:26:56.053811" level="INFO">Element 'css:.__fb-light-mode.x1n2onr6.x1vjfegm' did not exist.</msg>
<arg>css:.${DIV_BLOQUEIO.replace(' ', '.')}</arg>
<doc>Verifies that the element identified by ``locator`` is NOT visible.</doc>
<status status="PASS" start="2024-05-29T13:26:56.035968" elapsed="0.017843"/>
</kw>
<arg>Element Should Not Be Visible</arg>
<arg>css:.${DIV_BLOQUEIO.replace(' ', '.')}</arg>
<doc>Runs the given keyword with the given arguments and ignores possible error.</doc>
<status status="PASS" start="2024-05-29T13:26:56.035968" elapsed="0.017843"/>
</kw>
<kw name="Wait Until Element Is Visible" owner="SeleniumLibrary">
<arg>${ICONE_FORYOU}</arg>
<arg>15s</arg>
<doc>Waits until the element ``locator`` is visible.</doc>
<status status="PASS" start="2024-05-29T13:26:56.053811" elapsed="0.026259"/>
</kw>
<kw name="Click Element" owner="SeleniumLibrary">
<msg time="2024-05-29T13:26:56.080070" level="INFO">Clicking element 'css=a[aria-label="Página inicial"]'.</msg>
<arg>${ICONE_FORYOU}</arg>
<doc>Click the element identified by ``locator``.</doc>
<status status="PASS" start="2024-05-29T13:26:56.080070" elapsed="0.189770"/>
</kw>
<status status="PASS" start="2024-05-29T13:26:51.012143" elapsed="5.258205"/>
</kw>
<status status="PASS" start="2024-05-29T13:26:48.156160" elapsed="8.114188"/>
</kw>
<kw name="Dado que eu abra a aba de eventos" owner="evento_page">
<kw name="Run Keyword And Return Status" owner="BuiltIn">
<kw name="Element Should Be Visible" owner="SeleniumLibrary">
<msg time="2024-05-29T13:26:56.533673" level="INFO" html="true">&lt;/td&gt;&lt;/tr&gt;&lt;tr&gt;&lt;td colspan="3"&gt;&lt;a href="selenium-screenshot-2.png"&gt;&lt;img src="selenium-screenshot-2.png" width="800px"&gt;&lt;/a&gt;</msg>
<msg time="2024-05-29T13:26:56.534681" level="FAIL">Element with locator 'xpath=//span[contains(text(), 'Eventos')]' not found.</msg>
<arg>${ABRIR_SESSAO_EVENTOS}</arg>
<doc>Verifies that the element identified by ``locator`` is visible.</doc>
<status status="FAIL" start="2024-05-29T13:26:56.271581" elapsed="0.280176">Element with locator 'xpath=//span[contains(text(), 'Eventos')]' not found.</status>
</kw>
<msg time="2024-05-29T13:26:56.551757" level="INFO">${CriarEventoVisivel} = False</msg>
<var>${CriarEventoVisivel}</var>
<arg>Element Should Be Visible</arg>
<arg>${ABRIR_SESSAO_EVENTOS}</arg>
<doc>Runs the given keyword with given arguments and returns the status as a Boolean value.</doc>
<status status="PASS" start="2024-05-29T13:26:56.271581" elapsed="0.280176"/>
</kw>
<kw name="Run Keyword If" owner="BuiltIn">
<kw name="Clicar em Ver Mais" owner="evento_page">
<kw name="Wait Until Element Is Visible" owner="SeleniumLibrary">
<arg>${BOTAO_VER_MAIS}</arg>
<arg>10s</arg>
<doc>Waits until the element ``locator`` is visible.</doc>
<status status="PASS" start="2024-05-29T13:26:56.553784" elapsed="0.026335"/>
</kw>
<kw name="Click Element" owner="SeleniumLibrary">
<msg time="2024-05-29T13:26:56.580119" level="INFO">Clicking element 'xpath=//div[@aria-label="Atalhos"]/div/div/div/div/div/div/div[1]/div[1]'.</msg>
<arg>${BOTAO_VER_MAIS}</arg>
<doc>Click the element identified by ``locator``.</doc>
<status status="PASS" start="2024-05-29T13:26:56.580119" elapsed="0.098068"/>
</kw>
<status status="PASS" start="2024-05-29T13:26:56.552780" elapsed="0.126562"/>
</kw>
<arg>'${CriarEventoVisivel}' == 'False'</arg>
<arg>Clicar em Ver Mais</arg>
<doc>Runs the given keyword with the given arguments, if ``condition`` is true.</doc>
<status status="PASS" start="2024-05-29T13:26:56.552780" elapsed="0.126562"/>
</kw>
<kw name="Wait Until Element Is Visible" owner="SeleniumLibrary">
<arg>${ABRIR_SESSAO_EVENTOS}</arg>
<arg>10s</arg>
<doc>Waits until the element ``locator`` is visible.</doc>
<status status="PASS" start="2024-05-29T13:26:56.679342" elapsed="0.534331"/>
</kw>
<kw name="Click Element" owner="SeleniumLibrary">
<msg time="2024-05-29T13:26:57.214667" level="INFO">Clicking element 'xpath=//span[contains(text(), 'Eventos')]'.</msg>
<arg>${ABRIR_SESSAO_EVENTOS}</arg>
<doc>Click the element identified by ``locator``.</doc>
<status status="PASS" start="2024-05-29T13:26:57.214667" elapsed="0.161223"/>
</kw>
<status status="PASS" start="2024-05-29T13:26:56.270348" elapsed="1.105542"/>
</kw>
<kw name="E clique em criar novo evento" owner="evento_page">
<kw name="Wait Until Element Is Visible" owner="SeleniumLibrary">
<arg>${BOTAO_CRIAR_NOVO_EVENTO}</arg>
<arg>10s</arg>
<doc>Waits until the element ``locator`` is visible.</doc>
<status status="PASS" start="2024-05-29T13:26:57.377385" elapsed="0.305718"/>
</kw>
<kw name="Click Element" owner="SeleniumLibrary">
<msg time="2024-05-29T13:26:57.683103" level="INFO">Clicking element 'xpath=//span[contains(text(), 'Criar novo evento')]'.</msg>
<arg>${BOTAO_CRIAR_NOVO_EVENTO}</arg>
<doc>Click the element identified by ``locator``.</doc>
<status status="PASS" start="2024-05-29T13:26:57.683103" elapsed="0.093195"/>
</kw>
<status status="PASS" start="2024-05-29T13:26:57.377385" elapsed="0.398913"/>
</kw>
<kw name="E complete o nome do evento" owner="evento_page">
<kw name="Wait Until Element Is Visible" owner="SeleniumLibrary">
<arg>${CAMPO_NOME_EVENTO}</arg>
<arg>10s</arg>
<doc>Waits until the element ``locator`` is visible.</doc>
<status status="PASS" start="2024-05-29T13:26:57.777298" elapsed="0.602298"/>
</kw>
<kw name="Word" owner="FakerLibrary">
<msg time="2024-05-29T13:26:58.379596" level="INFO">${NomeEvento} = doloremque</msg>
<var>${NomeEvento}</var>
<doc>Generate a word.</doc>
<status status="PASS" start="2024-05-29T13:26:58.379596" elapsed="0.000000"/>
</kw>
<kw name="Input Text" owner="SeleniumLibrary">
<msg time="2024-05-29T13:26:58.380683" level="INFO">Typing text 'doloremque' into text field 'xpath=//label[@aria-label="Nome do evento"]//input'.</msg>
<arg>${CAMPO_NOME_EVENTO}</arg>
<arg>${NomeEvento}</arg>
<doc>Types the given ``text`` into the text field identified by ``locator``.</doc>
<status status="PASS" start="2024-05-29T13:26:58.379596" elapsed="0.253224"/>
</kw>
<status status="PASS" start="2024-05-29T13:26:57.777298" elapsed="0.855522"/>
</kw>
<kw name="E complete quem pode ver o evento" owner="evento_page">
<kw name="Click Element" owner="SeleniumLibrary">
<msg time="2024-05-29T13:26:58.632820" level="INFO">Clicking element 'css=label[aria-label="Quem pode ver?"]'.</msg>
<arg>${SELETOR_QUEM_PODE_VER}</arg>
<doc>Click the element identified by ``locator``.</doc>
<status status="PASS" start="2024-05-29T13:26:58.632820" elapsed="0.119471"/>
</kw>
<kw name="Wait Until Element Is Visible" owner="SeleniumLibrary">
<arg>${SELECIONAR_PRIVADO}</arg>
<arg>10s</arg>
<doc>Waits until the element ``locator`` is visible.</doc>
<status status="PASS" start="2024-05-29T13:26:58.753297" elapsed="0.230560"/>
</kw>
<kw name="Click Element" owner="SeleniumLibrary">
<msg time="2024-05-29T13:26:58.983857" level="INFO">Clicking element 'xpath=//span[contains(text(), 'Privado')]'.</msg>
<arg>${SELECIONAR_PRIVADO}</arg>
<doc>Click the element identified by ``locator``.</doc>
<status status="PASS" start="2024-05-29T13:26:58.983857" elapsed="0.106823"/>
</kw>
<status status="PASS" start="2024-05-29T13:26:58.632820" elapsed="0.457860"/>
</kw>
<kw name="E clique no botao criar evento" owner="evento_page">
<kw name="Click Element" owner="SeleniumLibrary">
<msg time="2024-05-29T13:26:59.090680" level="INFO">Clicking element 'css=div[aria-label="Criar evento"]'.</msg>
<arg>${BOTAO_CRIAR_EVENTO}</arg>
<doc>Click the element identified by ``locator``.</doc>
<status status="PASS" start="2024-05-29T13:26:59.090680" elapsed="0.099374"/>
</kw>
<status status="PASS" start="2024-05-29T13:26:59.090680" elapsed="0.099374"/>
</kw>
<kw name="Entao e exibido a mesagem de evento criado com sucesso" owner="evento_page">
<kw name="Wait Until Element Is Visible" owner="SeleniumLibrary">
<arg>${MENSAGEM_EVENTO_CRIADO}</arg>
<arg>10s</arg>
<doc>Waits until the element ``locator`` is visible.</doc>
<status status="PASS" start="2024-05-29T13:26:59.190054" elapsed="5.199318"/>
</kw>
<kw name="Element Should Be Visible" owner="SeleniumLibrary">
<msg time="2024-05-29T13:27:04.423102" level="INFO">Element 'xpath=//span[contains(text(), 'Seu evento foi criado.')]' is displayed.</msg>
<arg>${MENSAGEM_EVENTO_CRIADO}</arg>
<doc>Verifies that the element identified by ``locator`` is visible.</doc>
<status status="PASS" start="2024-05-29T13:27:04.389372" elapsed="0.033730"/>
</kw>
<status status="PASS" start="2024-05-29T13:26:59.190054" elapsed="5.233048"/>
</kw>
<kw name="Fechar o navegador" owner="setup" type="TEARDOWN">
<kw name="Close Browser" owner="SeleniumLibrary">
<doc>Closes the current browser.</doc>
<status status="PASS" start="2024-05-29T13:27:04.432691" elapsed="2.286967"/>
</kw>
<status status="PASS" start="2024-05-29T13:27:04.432691" elapsed="2.286967"/>
</kw>
<doc>Verifica se todos os campos obrigatórios aceitam entrada, habilita o botão de criar evento após preencher os campos obrigatórios e exibe mensagem de sucesso após ser criado.</doc>
<tag>Criar evento</tag>
<status status="PASS" start="2024-05-29T13:26:48.156160" elapsed="18.563498"/>
</test>
<test id="s1-s1-t2" name="Caso de Teste: Verifica se botao de criar evento permanece desabilitado se nao houver completado os campos obrigatorios" line="17">
<kw name="Dado que eu acesse e realize o login" owner="setup" type="SETUP">
<kw name="Open Browser" owner="SeleniumLibrary">
<msg time="2024-05-29T13:27:06.719658" level="INFO">Opening browser 'Chrome' to base url 'https://www.facebook.com/'.</msg>
<arg>url=https://www.facebook.com/</arg>
<arg>browser=Chrome</arg>
<doc>Opens a new browser instance to the optional ``url``.</doc>
<status status="PASS" start="2024-05-29T13:27:06.719658" elapsed="2.250747"/>
</kw>
<kw name="Maximize Browser Window" owner="SeleniumLibrary">
<doc>Maximizes current browser window.</doc>
<status status="PASS" start="2024-05-29T13:27:08.971410" elapsed="0.036505"/>
</kw>
<kw name="Dado que eu preencha o email" owner="login_page">
<kw name="Wait Until Element Is Visible" owner="SeleniumLibrary">
<arg>${CAMPO_EMAIL}</arg>
<arg>15s</arg>
<doc>Waits until the element ``locator`` is visible.</doc>
<status status="PASS" start="2024-05-29T13:27:09.009702" elapsed="0.044513"/>
</kw>
<kw name="Input Text" owner="SeleniumLibrary">
<msg time="2024-05-29T13:27:09.055394" level="INFO">Typing text 'ysavilela.dev@gmail.com' into text field 'css=input[data-testid="royal_email"]'.</msg>
<arg>${CAMPO_EMAIL}</arg>
<arg>${EMAIL}</arg>
<doc>Types the given ``text`` into the text field identified by ``locator``.</doc>
<status status="PASS" start="2024-05-29T13:27:09.054215" elapsed="0.235992"/>
</kw>
<status status="PASS" start="2024-05-29T13:27:09.008920" elapsed="0.281287"/>
</kw>
<kw name="E preencha a senha" owner="login_page">
<kw name="Wait Until Element Is Visible" owner="SeleniumLibrary">
<arg>${CAMPO_SENHA}</arg>
<arg>15s</arg>
<doc>Waits until the element ``locator`` is visible.</doc>
<status status="PASS" start="2024-05-29T13:27:09.290207" elapsed="0.009081"/>
</kw>
<kw name="Input Text" owner="SeleniumLibrary">
<msg time="2024-05-29T13:27:09.299288" level="INFO">Typing text 'ysa.dev030515' into text field 'id:pass'.</msg>
<arg>${CAMPO_SENHA}</arg>
<arg>${SENHA}</arg>
<doc>Types the given ``text`` into the text field identified by ``locator``.</doc>
<status status="PASS" start="2024-05-29T13:27:09.299288" elapsed="0.125187"/>
</kw>
<status status="PASS" start="2024-05-29T13:27:09.290207" elapsed="0.134268"/>
</kw>
<kw name="E clique no botao de entrar" owner="login_page">
<kw name="Click Element" owner="SeleniumLibrary">
<msg time="2024-05-29T13:27:09.425540" level="INFO">Clicking element 'xpath=//button[contains(text(), 'Entrar')]'.</msg>
<arg>${BOTAO_LOGIN}</arg>
<doc>Click the element identified by ``locator``.</doc>
<status status="PASS" start="2024-05-29T13:27:09.425540" elapsed="0.036037"/>
</kw>
<status status="PASS" start="2024-05-29T13:27:09.424475" elapsed="0.037102"/>
</kw>
<kw name="Entao sou redirecionado para o feed inicial" owner="login_page">
<kw name="Sleep" owner="BuiltIn">
<msg time="2024-05-29T13:27:14.466568" level="INFO">Slept 5 seconds.</msg>
<arg>5s</arg>
<doc>Pauses the test executed for the given time.</doc>
<status status="PASS" start="2024-05-29T13:27:09.465900" elapsed="5.000668"/>
</kw>
<kw name="Execute Javascript" owner="SeleniumLibrary">
<msg time="2024-05-29T13:27:14.466568" level="INFO">Executing JavaScript:
document.querySelector('.__fb-light-mode.x1n2onr6.x1vjfegm').remove();
Without any arguments.</msg>
<arg>document.querySelector('.${DIV_BLOQUEIO.replace(' ', '.')}').remove();</arg>
<doc>Executes the given JavaScript code with possible arguments.</doc>
<status status="PASS" start="2024-05-29T13:27:14.466568" elapsed="0.021046"/>
</kw>
<kw name="Run Keyword And Ignore Error" owner="BuiltIn">
<kw name="Element Should Not Be Visible" owner="SeleniumLibrary">
<msg time="2024-05-29T13:27:14.508888" level="INFO">Element 'css:.__fb-light-mode.x1n2onr6.x1vjfegm' did not exist.</msg>
<arg>css:.${DIV_BLOQUEIO.replace(' ', '.')}</arg>
<doc>Verifies that the element identified by ``locator`` is NOT visible.</doc>
<status status="PASS" start="2024-05-29T13:27:14.487614" elapsed="0.021274"/>
</kw>
<arg>Element Should Not Be Visible</arg>
<arg>css:.${DIV_BLOQUEIO.replace(' ', '.')}</arg>
<doc>Runs the given keyword with the given arguments and ignores possible error.</doc>
<status status="PASS" start="2024-05-29T13:27:14.487614" elapsed="0.021274"/>
</kw>
<kw name="Wait Until Element Is Visible" owner="SeleniumLibrary">
<arg>${ICONE_FORYOU}</arg>
<arg>15s</arg>
<doc>Waits until the element ``locator`` is visible.</doc>
<status status="PASS" start="2024-05-29T13:27:14.508888" elapsed="0.022837"/>
</kw>
<kw name="Click Element" owner="SeleniumLibrary">
<msg time="2024-05-29T13:27:14.531725" level="INFO">Clicking element 'css=a[aria-label="Página inicial"]'.</msg>
<arg>${ICONE_FORYOU}</arg>
<doc>Click the element identified by ``locator``.</doc>
<status status="PASS" start="2024-05-29T13:27:14.531725" elapsed="0.162570"/>
</kw>
<status status="PASS" start="2024-05-29T13:27:09.465900" elapsed="5.228395"/>
</kw>
<status status="PASS" start="2024-05-29T13:27:06.719658" elapsed="7.974637"/>
</kw>
<kw name="Dado que eu abra a aba de eventos" owner="evento_page">
<kw name="Run Keyword And Return Status" owner="BuiltIn">
<kw name="Element Should Be Visible" owner="SeleniumLibrary">
<msg time="2024-05-29T13:27:14.953459" level="INFO" html="true">&lt;/td&gt;&lt;/tr&gt;&lt;tr&gt;&lt;td colspan="3"&gt;&lt;a href="selenium-screenshot-3.png"&gt;&lt;img src="selenium-screenshot-3.png" width="800px"&gt;&lt;/a&gt;</msg>
<msg time="2024-05-29T13:27:14.953459" level="FAIL">Element with locator 'xpath=//span[contains(text(), 'Eventos')]' not found.</msg>
<arg>${ABRIR_SESSAO_EVENTOS}</arg>
<doc>Verifies that the element identified by ``locator`` is visible.</doc>
<status status="FAIL" start="2024-05-29T13:27:14.697881" elapsed="0.256799">Element with locator 'xpath=//span[contains(text(), 'Eventos')]' not found.</status>
</kw>
<msg time="2024-05-29T13:27:14.955757" level="INFO">${CriarEventoVisivel} = False</msg>
<var>${CriarEventoVisivel}</var>
<arg>Element Should Be Visible</arg>
<arg>${ABRIR_SESSAO_EVENTOS}</arg>
<doc>Runs the given keyword with given arguments and returns the status as a Boolean value.</doc>
<status status="PASS" start="2024-05-29T13:27:14.697881" elapsed="0.257876"/>
</kw>
<kw name="Run Keyword If" owner="BuiltIn">
<kw name="Clicar em Ver Mais" owner="evento_page">
<kw name="Wait Until Element Is Visible" owner="SeleniumLibrary">
<arg>${BOTAO_VER_MAIS}</arg>
<arg>10s</arg>
<doc>Waits until the element ``locator`` is visible.</doc>
<status status="PASS" start="2024-05-29T13:27:14.956757" elapsed="0.025541"/>
</kw>
<kw name="Click Element" owner="SeleniumLibrary">
<msg time="2024-05-29T13:27:14.982298" level="INFO">Clicking element 'xpath=//div[@aria-label="Atalhos"]/div/div/div/div/div/div/div[1]/div[1]'.</msg>
<arg>${BOTAO_VER_MAIS}</arg>
<doc>Click the element identified by ``locator``.</doc>
<status status="PASS" start="2024-05-29T13:27:14.982298" elapsed="0.074011"/>
</kw>
<status status="PASS" start="2024-05-29T13:27:14.955757" elapsed="0.100552"/>
</kw>
<arg>'${CriarEventoVisivel}' == 'False'</arg>
<arg>Clicar em Ver Mais</arg>
<doc>Runs the given keyword with the given arguments, if ``condition`` is true.</doc>
<status status="PASS" start="2024-05-29T13:27:14.955757" elapsed="0.100552"/>
</kw>
<kw name="Wait Until Element Is Visible" owner="SeleniumLibrary">
<arg>${ABRIR_SESSAO_EVENTOS}</arg>
<arg>10s</arg>
<doc>Waits until the element ``locator`` is visible.</doc>
<status status="PASS" start="2024-05-29T13:27:15.056309" elapsed="0.399681"/>
</kw>
<kw name="Click Element" owner="SeleniumLibrary">
<msg time="2024-05-29T13:27:15.455990" level="INFO">Clicking element 'xpath=//span[contains(text(), 'Eventos')]'.</msg>
<arg>${ABRIR_SESSAO_EVENTOS}</arg>
<doc>Click the element identified by ``locator``.</doc>
<status status="PASS" start="2024-05-29T13:27:15.455990" elapsed="0.149669"/>
</kw>
<status status="PASS" start="2024-05-29T13:27:14.695770" elapsed="0.910857"/>
</kw>
<kw name="E clique em criar novo evento" owner="evento_page">
<kw name="Wait Until Element Is Visible" owner="SeleniumLibrary">
<arg>${BOTAO_CRIAR_NOVO_EVENTO}</arg>
<arg>10s</arg>
<doc>Waits until the element ``locator`` is visible.</doc>
<status status="PASS" start="2024-05-29T13:27:15.607509" elapsed="1.526573"/>
</kw>
<kw name="Click Element" owner="SeleniumLibrary">
<msg time="2024-05-29T13:27:17.135081" level="INFO">Clicking element 'xpath=//span[contains(text(), 'Criar novo evento')]'.</msg>
<arg>${BOTAO_CRIAR_NOVO_EVENTO}</arg>
<doc>Click the element identified by ``locator``.</doc>
<status status="PASS" start="2024-05-29T13:27:17.134082" elapsed="0.077322"/>
</kw>
<status status="PASS" start="2024-05-29T13:27:15.607225" elapsed="1.604179"/>
</kw>
<kw name="Entao o botao de criar evento deve estar desabilitado" owner="evento_page">
<kw name="Wait Until Element Is Visible" owner="SeleniumLibrary">
<arg>${BOTAO_CRIAR_EVENTO_DESATIVADO}</arg>
<arg>10s</arg>
<doc>Waits until the element ``locator`` is visible.</doc>
<status status="PASS" start="2024-05-29T13:27:17.212519" elapsed="0.495538"/>
</kw>
<kw name="Element Should Be Visible" owner="SeleniumLibrary">
<msg time="2024-05-29T13:27:17.732529" level="INFO">Element 'xpath=//div[@aria-label="Criar evento" and @aria-disabled="true"]' is displayed.</msg>
<arg>${BOTAO_CRIAR_EVENTO_DESATIVADO}</arg>
<doc>Verifies that the element identified by ``locator`` is visible.</doc>
<status status="PASS" start="2024-05-29T13:27:17.708057" elapsed="0.024472"/>
</kw>
<status status="PASS" start="2024-05-29T13:27:17.211404" elapsed="0.521125"/>
</kw>
<kw name="Fechar o navegador" owner="setup" type="TEARDOWN">
<kw name="Close Browser" owner="SeleniumLibrary">
<doc>Closes the current browser.</doc>
<status status="PASS" start="2024-05-29T13:27:17.732529" elapsed="2.263157"/>
</kw>
<status status="PASS" start="2024-05-29T13:27:17.732529" elapsed="2.263157"/>
</kw>
<doc>Verifica se o botão de criar evento permanece desabilitado se os campos de "nome do evento" e "quem pode ver" não estiverem preenchidos</doc>
<tag>Criar evento</tag>
<status status="PASS" start="2024-05-29T13:27:06.719658" elapsed="13.276028"/>
</test>
<test id="s1-s1-t3" name="Caso de Teste: Criar um evento com todos os campos preenchidos" line="24">
<kw name="Dado que eu acesse e realize o login" owner="setup" type="SETUP">
<kw name="Open Browser" owner="SeleniumLibrary">
<msg time="2024-05-29T13:27:19.995686" level="INFO">Opening browser 'Chrome' to base url 'https://www.facebook.com/'.</msg>
<arg>url=https://www.facebook.com/</arg>
<arg>browser=Chrome</arg>
<doc>Opens a new browser instance to the optional ``url``.</doc>
<status status="PASS" start="2024-05-29T13:27:19.995686" elapsed="2.273201"/>
</kw>
<kw name="Maximize Browser Window" owner="SeleniumLibrary">
<doc>Maximizes current browser window.</doc>
<status status="PASS" start="2024-05-29T13:27:22.268887" elapsed="0.027367"/>
</kw>
<kw name="Dado que eu preencha o email" owner="login_page">
<kw name="Wait Until Element Is Visible" owner="SeleniumLibrary">
<arg>${CAMPO_EMAIL}</arg>
<arg>15s</arg>
<doc>Waits until the element ``locator`` is visible.</doc>
<status status="PASS" start="2024-05-29T13:27:22.297045" elapsed="0.037509"/>
</kw>
<kw name="Input Text" owner="SeleniumLibrary">
<msg time="2024-05-29T13:27:22.335548" level="INFO">Typing text 'ysavilela.dev@gmail.com' into text field 'css=input[data-testid="royal_email"]'.</msg>
<arg>${CAMPO_EMAIL}</arg>
<arg>${EMAIL}</arg>
<doc>Types the given ``text`` into the text field identified by ``locator``.</doc>
<status status="PASS" start="2024-05-29T13:27:22.335548" elapsed="0.170573"/>
</kw>
<status status="PASS" start="2024-05-29T13:27:22.297045" elapsed="0.209076"/>
</kw>
<kw name="E preencha a senha" owner="login_page">
<kw name="Wait Until Element Is Visible" owner="SeleniumLibrary">
<arg>${CAMPO_SENHA}</arg>
<arg>15s</arg>
<doc>Waits until the element ``locator`` is visible.</doc>
<status status="PASS" start="2024-05-29T13:27:22.506121" elapsed="0.032696"/>
</kw>
<kw name="Input Text" owner="SeleniumLibrary">
<msg time="2024-05-29T13:27:22.538817" level="INFO">Typing text 'ysa.dev030515' into text field 'id:pass'.</msg>
<arg>${CAMPO_SENHA}</arg>
<arg>${SENHA}</arg>
<doc>Types the given ``text`` into the text field identified by ``locator``.</doc>
<status status="PASS" start="2024-05-29T13:27:22.538817" elapsed="0.131893"/>
</kw>
<status status="PASS" start="2024-05-29T13:27:22.506121" elapsed="0.164589"/>
</kw>
<kw name="E clique no botao de entrar" owner="login_page">
<kw name="Click Element" owner="SeleniumLibrary">
<msg time="2024-05-29T13:27:22.671713" level="INFO">Clicking element 'xpath=//button[contains(text(), 'Entrar')]'.</msg>
<arg>${BOTAO_LOGIN}</arg>
<doc>Click the element identified by ``locator``.</doc>
<status status="PASS" start="2024-05-29T13:27:22.670710" elapsed="0.068085"/>
</kw>
<status status="PASS" start="2024-05-29T13:27:22.670710" elapsed="0.068085"/>
</kw>
<kw name="Entao sou redirecionado para o feed inicial" owner="login_page">
<kw name="Sleep" owner="BuiltIn">
<msg time="2024-05-29T13:27:27.739457" level="INFO">Slept 5 seconds.</msg>
<arg>5s</arg>
<doc>Pauses the test executed for the given time.</doc>
<status status="PASS" start="2024-05-29T13:27:22.738795" elapsed="5.000662"/>
</kw>
<kw name="Execute Javascript" owner="SeleniumLibrary">
<msg time="2024-05-29T13:27:27.739457" level="INFO">Executing JavaScript:
document.querySelector('.__fb-light-mode.x1n2onr6.x1vjfegm').remove();
Without any arguments.</msg>
<arg>document.querySelector('.${DIV_BLOQUEIO.replace(' ', '.')}').remove();</arg>
<doc>Executes the given JavaScript code with possible arguments.</doc>
<status status="PASS" start="2024-05-29T13:27:27.739457" elapsed="0.012619"/>
</kw>
<kw name="Run Keyword And Ignore Error" owner="BuiltIn">
<kw name="Element Should Not Be Visible" owner="SeleniumLibrary">
<msg time="2024-05-29T13:27:27.752076" level="INFO">Element 'css:.__fb-light-mode.x1n2onr6.x1vjfegm' did not exist.</msg>
<arg>css:.${DIV_BLOQUEIO.replace(' ', '.')}</arg>
<doc>Verifies that the element identified by ``locator`` is NOT visible.</doc>
<status status="PASS" start="2024-05-29T13:27:27.752076" elapsed="0.000000"/>
</kw>
<arg>Element Should Not Be Visible</arg>
<arg>css:.${DIV_BLOQUEIO.replace(' ', '.')}</arg>
<doc>Runs the given keyword with the given arguments and ignores possible error.</doc>
<status status="PASS" start="2024-05-29T13:27:27.752076" elapsed="0.000000"/>
</kw>
<kw name="Wait Until Element Is Visible" owner="SeleniumLibrary">
<arg>${ICONE_FORYOU}</arg>
<arg>15s</arg>
<doc>Waits until the element ``locator`` is visible.</doc>
<status status="PASS" start="2024-05-29T13:27:27.752076" elapsed="0.035398"/>
</kw>
<kw name="Click Element" owner="SeleniumLibrary">
<msg time="2024-05-29T13:27:27.788556" level="INFO">Clicking element 'css=a[aria-label="Página inicial"]'.</msg>
<arg>${ICONE_FORYOU}</arg>
<doc>Click the element identified by ``locator``.</doc>
<status status="PASS" start="2024-05-29T13:27:27.788556" elapsed="0.173459"/>
</kw>
<status status="PASS" start="2024-05-29T13:27:22.738795" elapsed="5.223220"/>
</kw>
<status status="PASS" start="2024-05-29T13:27:19.995686" elapsed="7.966329"/>
</kw>
<kw name="Dado que eu abra a aba de eventos" owner="evento_page">
<kw name="Run Keyword And Return Status" owner="BuiltIn">
<kw name="Element Should Be Visible" owner="SeleniumLibrary">
<msg time="2024-05-29T13:27:28.217759" level="INFO" html="true">&lt;/td&gt;&lt;/tr&gt;&lt;tr&gt;&lt;td colspan="3"&gt;&lt;a href="selenium-screenshot-4.png"&gt;&lt;img src="selenium-screenshot-4.png" width="800px"&gt;&lt;/a&gt;</msg>
<msg time="2024-05-29T13:27:28.217759" level="FAIL">Element with locator 'xpath=//span[contains(text(), 'Eventos')]' not found.</msg>
<arg>${ABRIR_SESSAO_EVENTOS}</arg>
<doc>Verifies that the element identified by ``locator`` is visible.</doc>
<status status="FAIL" start="2024-05-29T13:27:27.963012" elapsed="0.255785">Element with locator 'xpath=//span[contains(text(), 'Eventos')]' not found.</status>
</kw>
<msg time="2024-05-29T13:27:28.218797" level="INFO">${CriarEventoVisivel} = False</msg>
<var>${CriarEventoVisivel}</var>
<arg>Element Should Be Visible</arg>
<arg>${ABRIR_SESSAO_EVENTOS}</arg>
<doc>Runs the given keyword with given arguments and returns the status as a Boolean value.</doc>
<status status="PASS" start="2024-05-29T13:27:27.963012" elapsed="0.255785"/>
</kw>
<kw name="Run Keyword If" owner="BuiltIn">
<kw name="Clicar em Ver Mais" owner="evento_page">
<kw name="Wait Until Element Is Visible" owner="SeleniumLibrary">
<arg>${BOTAO_VER_MAIS}</arg>
<arg>10s</arg>
<doc>Waits until the element ``locator`` is visible.</doc>
<status status="PASS" start="2024-05-29T13:27:28.218797" elapsed="0.019461"/>
</kw>
<kw name="Click Element" owner="SeleniumLibrary">
<msg time="2024-05-29T13:27:28.238258" level="INFO">Clicking element 'xpath=//div[@aria-label="Atalhos"]/div/div/div/div/div/div/div[1]/div[1]'.</msg>
<arg>${BOTAO_VER_MAIS}</arg>
<doc>Click the element identified by ``locator``.</doc>
<status status="PASS" start="2024-05-29T13:27:28.238258" elapsed="0.057070"/>
</kw>
<status status="PASS" start="2024-05-29T13:27:28.218797" elapsed="0.076531"/>
</kw>
<arg>'${CriarEventoVisivel}' == 'False'</arg>
<arg>Clicar em Ver Mais</arg>
<doc>Runs the given keyword with the given arguments, if ``condition`` is true.</doc>
<status status="PASS" start="2024-05-29T13:27:28.218797" elapsed="0.076531"/>
</kw>
<kw name="Wait Until Element Is Visible" owner="SeleniumLibrary">
<arg>${ABRIR_SESSAO_EVENTOS}</arg>
<arg>10s</arg>
<doc>Waits until the element ``locator`` is visible.</doc>
<status status="PASS" start="2024-05-29T13:27:28.295328" elapsed="0.537690"/>
</kw>
<kw name="Click Element" owner="SeleniumLibrary">
<msg time="2024-05-29T13:27:28.833018" level="INFO">Clicking element 'xpath=//span[contains(text(), 'Eventos')]'.</msg>
<arg>${ABRIR_SESSAO_EVENTOS}</arg>
<doc>Click the element identified by ``locator``.</doc>
<status status="PASS" start="2024-05-29T13:27:28.833018" elapsed="0.107172"/>
</kw>
<status status="PASS" start="2024-05-29T13:27:27.963012" elapsed="0.977178"/>
</kw>
<kw name="E clique em criar novo evento" owner="evento_page">
<kw name="Wait Until Element Is Visible" owner="SeleniumLibrary">
<arg>${BOTAO_CRIAR_NOVO_EVENTO}</arg>
<arg>10s</arg>
<doc>Waits until the element ``locator`` is visible.</doc>
<status status="PASS" start="2024-05-29T13:27:28.941421" elapsed="1.224597"/>
</kw>
<kw name="Click Element" owner="SeleniumLibrary">
<msg time="2024-05-29T13:27:30.166018" level="INFO">Clicking element 'xpath=//span[contains(text(), 'Criar novo evento')]'.</msg>
<arg>${BOTAO_CRIAR_NOVO_EVENTO}</arg>
<doc>Click the element identified by ``locator``.</doc>
<status status="PASS" start="2024-05-29T13:27:30.166018" elapsed="0.109352"/>
</kw>
<status status="PASS" start="2024-05-29T13:27:28.941421" elapsed="1.335456"/>
</kw>
<kw name="E complete o nome do evento" owner="evento_page">
<kw name="Wait Until Element Is Visible" owner="SeleniumLibrary">
<arg>${CAMPO_NOME_EVENTO}</arg>
<arg>10s</arg>
<doc>Waits until the element ``locator`` is visible.</doc>
<status status="PASS" start="2024-05-29T13:27:30.277894" elapsed="0.737152"/>
</kw>
<kw name="Word" owner="FakerLibrary">
<msg time="2024-05-29T13:27:31.015686" level="INFO">${NomeEvento} = expedita</msg>
<var>${NomeEvento}</var>
<doc>Generate a word.</doc>
<status status="PASS" start="2024-05-29T13:27:31.015421" elapsed="0.000265"/>
</kw>
<kw name="Input Text" owner="SeleniumLibrary">
<msg time="2024-05-29T13:27:31.016807" level="INFO">Typing text 'expedita' into text field 'xpath=//label[@aria-label="Nome do evento"]//input'.</msg>
<arg>${CAMPO_NOME_EVENTO}</arg>
<arg>${NomeEvento}</arg>
<doc>Types the given ``text`` into the text field identified by ``locator``.</doc>
<status status="PASS" start="2024-05-29T13:27:31.015686" elapsed="0.308201"/>
</kw>
<status status="PASS" start="2024-05-29T13:27:30.276877" elapsed="1.047010"/>
</kw>
<kw name="E complete quem pode ver o evento" owner="evento_page">
<kw name="Click Element" owner="SeleniumLibrary">
<msg time="2024-05-29T13:27:31.323887" level="INFO">Clicking element 'css=label[aria-label="Quem pode ver?"]'.</msg>
<arg>${SELETOR_QUEM_PODE_VER}</arg>
<doc>Click the element identified by ``locator``.</doc>
<status status="PASS" start="2024-05-29T13:27:31.323887" elapsed="0.101897"/>
</kw>
<kw name="Wait Until Element Is Visible" owner="SeleniumLibrary">
<arg>${SELECIONAR_PRIVADO}</arg>
<arg>10s</arg>
<doc>Waits until the element ``locator`` is visible.</doc>
<status status="PASS" start="2024-05-29T13:27:31.425784" elapsed="0.257123"/>
</kw>
<kw name="Click Element" owner="SeleniumLibrary">
<msg time="2024-05-29T13:27:31.682907" level="INFO">Clicking element 'xpath=//span[contains(text(), 'Privado')]'.</msg>
<arg>${SELECIONAR_PRIVADO}</arg>
<doc>Click the element identified by ``locator``.</doc>
<status status="PASS" start="2024-05-29T13:27:31.682907" elapsed="0.117406"/>
</kw>
<status status="PASS" start="2024-05-29T13:27:31.323887" elapsed="0.476426"/>
</kw>
<kw name="E complete a data de inicio" owner="evento_page">
<kw name="Click Element" owner="SeleniumLibrary">
<msg time="2024-05-29T13:27:31.802326" level="INFO">Clicking element 'xpath=//label[@aria-label="Data de início"]'.</msg>
<arg>${SELECIONAR_DATA_INICIO}</arg>
<doc>Click the element identified by ``locator``.</doc>
<status status="PASS" start="2024-05-29T13:27:31.801332" elapsed="0.157212"/>
</kw>
<kw name="Run Keyword And Return Status" owner="BuiltIn">
<kw name="Element Should Be Visible" owner="SeleniumLibrary">
<msg time="2024-05-29T13:27:31.983807" level="INFO">Element 'xpath=//span[@aria-hidden="true"]/span[text()="20"]' is displayed.</msg>
<arg>${EVENTO_DIA_20}</arg>
<doc>Verifies that the element identified by ``locator`` is visible.</doc>
<status status="PASS" start="2024-05-29T13:27:31.958544" elapsed="0.025263"/>
</kw>
<msg time="2024-05-29T13:27:31.983807" level="INFO">${evento_visivel} = True</msg>
<var>${evento_visivel}</var>
<arg>Element Should Be Visible</arg>
<arg>${EVENTO_DIA_20}</arg>
<doc>Runs the given keyword with given arguments and returns the status as a Boolean value.</doc>
<status status="PASS" start="2024-05-29T13:27:31.958544" elapsed="0.025263"/>
</kw>
<kw name="Run Keyword If" owner="BuiltIn">
<arg>'${evento_visivel}' == 'False'</arg>
<arg>Clicar Em Vizualizar Proximo Mes</arg>
<doc>Runs the given keyword with the given arguments, if ``condition`` is true.</doc>
<status status="PASS" start="2024-05-29T13:27:31.983807" elapsed="0.000000"/>
</kw>
<kw name="Wait Until Element Is Visible" owner="SeleniumLibrary">
<arg>${EVENTO_DIA_20}</arg>
<arg>10s</arg>
<doc>Waits until the element ``locator`` is visible.</doc>
<status status="PASS" start="2024-05-29T13:27:31.998916" elapsed="0.026109"/>
</kw>
<kw name="Click Element" owner="SeleniumLibrary">
<msg time="2024-05-29T13:27:32.025994" level="INFO">Clicking element 'xpath=//span[@aria-hidden="true"]/span[text()="20"]'.</msg>
<arg>${EVENTO_DIA_20}</arg>
<doc>Click the element identified by ``locator``.</doc>
<status status="PASS" start="2024-05-29T13:27:32.025025" elapsed="0.105393"/>
</kw>
<status status="PASS" start="2024-05-29T13:27:31.801332" elapsed="0.329086"/>
</kw>
<kw name="E complete detalhes do evento" owner="evento_page">
<kw name="Text" owner="FakerLibrary">
<msg time="2024-05-29T13:27:32.134167" level="INFO">${Detalhes} = Labore provident odio soluta.</msg>
<var>${Detalhes}</var>
<doc>Generate a text string.</doc>
<status status="PASS" start="2024-05-29T13:27:32.133077" elapsed="0.001090"/>
</kw>
<kw name="Input Text" owner="SeleniumLibrary">
<msg time="2024-05-29T13:27:32.136073" level="INFO">Typing text 'Labore provident odio soluta.' into text field 'xpath=//label[@aria-label="Quais são os detalhes deste evento?"]/div/div/div/textarea'.</msg>
<arg>${CAMPO_DETALHES_EVENTO}</arg>
<arg>${Detalhes}</arg>
<doc>Types the given ``text`` into the text field identified by ``locator``.</doc>
<status status="PASS" start="2024-05-29T13:27:32.135122" elapsed="0.659942"/>
</kw>
<status status="PASS" start="2024-05-29T13:27:32.132065" elapsed="0.662999"/>
</kw>
<kw name="E completar modalidade do evento online" owner="evento_page">
<kw name="Click Element" owner="SeleniumLibrary">
<msg time="2024-05-29T13:27:32.796098" level="INFO">Clicking element 'xpath=//label[@aria-label="É presencial ou virtual?"]'.</msg>
<arg>${SELETOR_MODALIDADE}</arg>
<doc>Click the element identified by ``locator``.</doc>
<status status="PASS" start="2024-05-29T13:27:32.796098" elapsed="0.125241"/>
</kw>
<kw name="Wait Until Element Is Visible" owner="SeleniumLibrary">
<arg>${SELECIONAR_VIRTUAL}</arg>
<arg>10s</arg>
<doc>Waits until the element ``locator`` is visible.</doc>
<status status="PASS" start="2024-05-29T13:27:32.921339" elapsed="0.034522"/>
</kw>
<kw name="Click Element" owner="SeleniumLibrary">
<msg time="2024-05-29T13:27:32.955861" level="INFO">Clicking element 'xpath=//span[contains(text(),'Virtual')]'.</msg>
<arg>${SELECIONAR_VIRTUAL}</arg>
<doc>Click the element identified by ``locator``.</doc>
<status status="PASS" start="2024-05-29T13:27:32.955861" elapsed="0.109462"/>
</kw>
<kw name="Wait Until Element Is Visible" owner="SeleniumLibrary">
<arg>${SELECIONAR_CAMPO_OUTRO}</arg>
<arg>10s</arg>
<doc>Waits until the element ``locator`` is visible.</doc>
<status status="PASS" start="2024-05-29T13:27:33.066592" elapsed="0.032354"/>
</kw>
<kw name="Click Element" owner="SeleniumLibrary">
<msg time="2024-05-29T13:27:33.098946" level="INFO">Clicking element 'xpath=//span[contains(text(),'Outro')]'.</msg>
<arg>${SELECIONAR_CAMPO_OUTRO}</arg>
<doc>Click the element identified by ``locator``.</doc>
<status status="PASS" start="2024-05-29T13:27:33.098946" elapsed="0.083689"/>
</kw>
<status status="PASS" start="2024-05-29T13:27:32.796098" elapsed="0.386537"/>
</kw>
<kw name="E clique no botao criar evento" owner="evento_page">
<kw name="Click Element" owner="SeleniumLibrary">
<msg time="2024-05-29T13:27:33.182635" level="INFO">Clicking element 'css=div[aria-label="Criar evento"]'.</msg>
<arg>${BOTAO_CRIAR_EVENTO}</arg>
<doc>Click the element identified by ``locator``.</doc>
<status status="PASS" start="2024-05-29T13:27:33.182635" elapsed="0.116366"/>
</kw>
<status status="PASS" start="2024-05-29T13:27:33.182635" elapsed="0.116366"/>
</kw>
<kw name="Entao e exibido a mesagem de evento criado com sucesso" owner="evento_page">
<kw name="Wait Until Element Is Visible" owner="SeleniumLibrary">
<arg>${MENSAGEM_EVENTO_CRIADO}</arg>
<arg>10s</arg>
<doc>Waits until the element ``locator`` is visible.</doc>
<status status="PASS" start="2024-05-29T13:27:33.300054" elapsed="6.518241"/>
</kw>
<kw name="Element Should Be Visible" owner="SeleniumLibrary">
<msg time="2024-05-29T13:27:39.850972" level="INFO">Element 'xpath=//span[contains(text(), 'Seu evento foi criado.')]' is displayed.</msg>
<arg>${MENSAGEM_EVENTO_CRIADO}</arg>
<doc>Verifies that the element identified by ``locator`` is visible.</doc>
<status status="PASS" start="2024-05-29T13:27:39.818295" elapsed="0.032677"/>
</kw>
<status status="PASS" start="2024-05-29T13:27:33.300054" elapsed="6.550918"/>
</kw>
<kw name="Fechar o navegador" owner="setup" type="TEARDOWN">
<kw name="Close Browser" owner="SeleniumLibrary">
<doc>Closes the current browser.</doc>
<status status="PASS" start="2024-05-29T13:27:39.852011" elapsed="2.289804"/>
</kw>
<status status="PASS" start="2024-05-29T13:27:39.852011" elapsed="2.289804"/>
</kw>
<doc>Verifica se todos os campos aceitam entrada, permite upload de imagem de capa, habilita o botão de criar evento após preencher os campos obrigatórios e exibe mensagem de sucesso após ser criado.</doc>
<tag>Criar evento</tag>
<status status="PASS" start="2024-05-29T13:27:19.995686" elapsed="22.146129"/>
</test>
<status status="PASS" start="2024-05-29T13:26:47.478634" elapsed="54.665245"/>
</suite>
<suite id="s1-s2" name="Login" source="C:\dev\workspace\Teste-Facebook\testes\login.robot">
<test id="s1-s2-t1" name="Caso de Teste: Realizar login com credenciais corretas" line="7">
<kw name="Dado que eu acesse o site" owner="setup" type="SETUP">
<kw name="Open Browser" owner="SeleniumLibrary">
<msg time="2024-05-29T13:27:42.178247" level="INFO">Opening browser 'Chrome' to base url 'https://www.facebook.com/'.</msg>
<arg>url=https://www.facebook.com/</arg>
<arg>browser=Chrome</arg>
<doc>Opens a new browser instance to the optional ``url``.</doc>
<status status="PASS" start="2024-05-29T13:27:42.178247" elapsed="2.323870"/>
</kw>
<kw name="Maximize Browser Window" owner="SeleniumLibrary">
<doc>Maximizes current browser window.</doc>
<status status="PASS" start="2024-05-29T13:27:44.502117" elapsed="0.026717"/>
</kw>
<status status="PASS" start="2024-05-29T13:27:42.175084" elapsed="2.353750"/>
</kw>
<kw name="Dado que eu preencha o email" owner="login_page">
<kw name="Wait Until Element Is Visible" owner="SeleniumLibrary">
<arg>${CAMPO_EMAIL}</arg>
<arg>15s</arg>
<doc>Waits until the element ``locator`` is visible.</doc>
<status status="PASS" start="2024-05-29T13:27:44.528834" elapsed="0.036529"/>
</kw>
<kw name="Input Text" owner="SeleniumLibrary">
<msg time="2024-05-29T13:27:44.568418" level="INFO">Typing text 'ysavilela.dev@gmail.com' into text field 'css=input[data-testid="royal_email"]'.</msg>
<arg>${CAMPO_EMAIL}</arg>
<arg>${EMAIL}</arg>
<doc>Types the given ``text`` into the text field identified by ``locator``.</doc>
<status status="PASS" start="2024-05-29T13:27:44.566423" elapsed="0.171538"/>
</kw>
<status status="PASS" start="2024-05-29T13:27:44.528834" elapsed="0.210042"/>
</kw>
<kw name="E preencha a senha" owner="login_page">
<kw name="Wait Until Element Is Visible" owner="SeleniumLibrary">
<arg>${CAMPO_SENHA}</arg>
<arg>15s</arg>
<doc>Waits until the element ``locator`` is visible.</doc>
<status status="PASS" start="2024-05-29T13:27:44.739442" elapsed="0.030099"/>
</kw>
<kw name="Input Text" owner="SeleniumLibrary">
<msg time="2024-05-29T13:27:44.769541" level="INFO">Typing text 'ysa.dev030515' into text field 'id:pass'.</msg>
<arg>${CAMPO_SENHA}</arg>
<arg>${SENHA}</arg>
<doc>Types the given ``text`` into the text field identified by ``locator``.</doc>
<status status="PASS" start="2024-05-29T13:27:44.769541" elapsed="0.138182"/>
</kw>
<status status="PASS" start="2024-05-29T13:27:44.738876" elapsed="0.168847"/>
</kw>
<kw name="E clique no botao de entrar" owner="login_page">
<kw name="Click Element" owner="SeleniumLibrary">
<msg time="2024-05-29T13:27:44.910702" level="INFO">Clicking element 'xpath=//button[contains(text(), 'Entrar')]'.</msg>
<arg>${BOTAO_LOGIN}</arg>
<doc>Click the element identified by ``locator``.</doc>
<status status="PASS" start="2024-05-29T13:27:44.910702" elapsed="0.062589"/>
</kw>
<status status="PASS" start="2024-05-29T13:27:44.909705" elapsed="0.063586"/>
</kw>
<kw name="Entao sou redirecionado para o feed inicial" owner="login_page">
<kw name="Sleep" owner="BuiltIn">
<msg time="2024-05-29T13:27:49.974797" level="INFO">Slept 5 seconds.</msg>
<arg>5s</arg>
<doc>Pauses the test executed for the given time.</doc>
<status status="PASS" start="2024-05-29T13:27:44.974275" elapsed="5.000522"/>
</kw>
<kw name="Execute Javascript" owner="SeleniumLibrary">
<msg time="2024-05-29T13:27:49.974797" level="INFO">Executing JavaScript:
document.querySelector('.__fb-light-mode.x1n2onr6.x1vjfegm').remove();
Without any arguments.</msg>
<arg>document.querySelector('.${DIV_BLOQUEIO.replace(' ', '.')}').remove();</arg>
<doc>Executes the given JavaScript code with possible arguments.</doc>
<status status="PASS" start="2024-05-29T13:27:49.974797" elapsed="0.023743"/>
</kw>
<kw name="Run Keyword And Ignore Error" owner="BuiltIn">
<kw name="Element Should Not Be Visible" owner="SeleniumLibrary">
<msg time="2024-05-29T13:27:50.016220" level="INFO">Element 'css:.__fb-light-mode.x1n2onr6.x1vjfegm' did not exist.</msg>
<arg>css:.${DIV_BLOQUEIO.replace(' ', '.')}</arg>
<doc>Verifies that the element identified by ``locator`` is NOT visible.</doc>
<status status="PASS" start="2024-05-29T13:27:49.998540" elapsed="0.017680"/>
</kw>
<arg>Element Should Not Be Visible</arg>
<arg>css:.${DIV_BLOQUEIO.replace(' ', '.')}</arg>
<doc>Runs the given keyword with the given arguments and ignores possible error.</doc>
<status status="PASS" start="2024-05-29T13:27:49.998540" elapsed="0.017680"/>
</kw>
<kw name="Wait Until Element Is Visible" owner="SeleniumLibrary">
<arg>${ICONE_FORYOU}</arg>
<arg>15s</arg>
<doc>Waits until the element ``locator`` is visible.</doc>
<status status="PASS" start="2024-05-29T13:27:50.016220" elapsed="0.015466"/>
</kw>
<kw name="Click Element" owner="SeleniumLibrary">
<msg time="2024-05-29T13:27:50.031686" level="INFO">Clicking element 'css=a[aria-label="Página inicial"]'.</msg>
<arg>${ICONE_FORYOU}</arg>
<doc>Click the element identified by ``locator``.</doc>
<status status="PASS" start="2024-05-29T13:27:50.031686" elapsed="0.178717"/>
</kw>
<status status="PASS" start="2024-05-29T13:27:44.974275" elapsed="5.236128"/>
</kw>
<kw name="Fechar o navegador" owner="setup" type="TEARDOWN">
<kw name="Close Browser" owner="SeleniumLibrary">
<doc>Closes the current browser.</doc>
<status status="PASS" start="2024-05-29T13:27:50.211685" elapsed="2.219974"/>
</kw>
<status status="PASS" start="2024-05-29T13:27:50.210403" elapsed="2.221256"/>
</kw>
<doc>Ao efetuar login com as credenciais corretas deve haver o redirecionamento para o feed inicial</doc>
<tag>Login</tag>
<status status="PASS" start="2024-05-29T13:27:42.175084" elapsed="10.256575"/>
</test>
<test id="s1-s2-t2" name="Caso de Teste: Verificar mensagens de erro do campo de email" line="15">
<kw name="Dado que eu acesse o site" owner="setup" type="SETUP">
<kw name="Open Browser" owner="SeleniumLibrary">
<msg time="2024-05-29T13:27:52.431659" level="INFO">Opening browser 'Chrome' to base url 'https://www.facebook.com/'.</msg>
<arg>url=https://www.facebook.com/</arg>
<arg>browser=Chrome</arg>
<doc>Opens a new browser instance to the optional ``url``.</doc>
<status status="PASS" start="2024-05-29T13:27:52.431659" elapsed="2.342795"/>
</kw>
<kw name="Maximize Browser Window" owner="SeleniumLibrary">
<doc>Maximizes current browser window.</doc>
<status status="PASS" start="2024-05-29T13:27:54.775508" elapsed="0.030965"/>
</kw>
<status status="PASS" start="2024-05-29T13:27:52.431659" elapsed="2.374814"/>
</kw>
<kw name="E clique no botao de entrar" owner="login_page">
<kw name="Click Element" owner="SeleniumLibrary">
<msg time="2024-05-29T13:27:54.806473" level="INFO">Clicking element 'xpath=//button[contains(text(), 'Entrar')]'.</msg>
<arg>${BOTAO_LOGIN}</arg>
<doc>Click the element identified by ``locator``.</doc>
<status status="PASS" start="2024-05-29T13:27:54.806473" elapsed="0.100881"/>
</kw>
<status status="PASS" start="2024-05-29T13:27:54.806473" elapsed="0.100881"/>
</kw>
<kw name="Então verifico se mensagem de erro do email foi exibida" owner="login_page">
<kw name="Wait Until Element Is Visible" owner="SeleniumLibrary">
<arg>${MENSAGEM_ERRO_EMAIL}</arg>
<arg>15s</arg>
<doc>Waits until the element ``locator`` is visible.</doc>
<status status="PASS" start="2024-05-29T13:27:54.907354" elapsed="1.291665"/>
</kw>
<kw name="Element Should Be Visible" owner="SeleniumLibrary">
<msg time="2024-05-29T13:27:56.216868" level="INFO">Element 'xpath=//div[contains(text(), 'O email ou o número de celular que você inseriu não está conectado a uma conta. ')]' is displayed.</msg>
<arg>${MENSAGEM_ERRO_EMAIL}</arg>
<doc>Verifies that the element identified by ``locator`` is visible.</doc>
<status status="PASS" start="2024-05-29T13:27:56.199019" elapsed="0.017849"/>
</kw>
<status status="PASS" start="2024-05-29T13:27:54.907354" elapsed="1.309514"/>
</kw>
<kw name="Fechar o navegador" owner="setup" type="TEARDOWN">
<kw name="Close Browser" owner="SeleniumLibrary">
<doc>Closes the current browser.</doc>
<status status="PASS" start="2024-05-29T13:27:56.216868" elapsed="2.181856"/>
</kw>
<status status="PASS" start="2024-05-29T13:27:56.216868" elapsed="2.181856"/>
</kw>
<doc>Ao deixar o campo de email nula deve ser exibida uma mensagem de erro clara para erro no e-mail/telefone 'O e-mail ou o número de celular que você inseriu não está conectado a uma conta.’</doc>
<tag>Login</tag>
<status status="PASS" start="2024-05-29T13:27:52.431659" elapsed="5.967065"/>
</test>
<test id="s1-s2-t3" name="Caso de Teste: Verificar mensagens de erro do campo de senha" line="21">
<kw name="Dado que eu acesse o site" owner="setup" type="SETUP">
<kw name="Open Browser" owner="SeleniumLibrary">
<msg time="2024-05-29T13:27:58.402482" level="INFO">Opening browser 'Chrome' to base url 'https://www.facebook.com/'.</msg>
<arg>url=https://www.facebook.com/</arg>
<arg>browser=Chrome</arg>
<doc>Opens a new browser instance to the optional ``url``.</doc>
<status status="PASS" start="2024-05-29T13:27:58.402482" elapsed="2.253553"/>
</kw>
<kw name="Maximize Browser Window" owner="SeleniumLibrary">
<doc>Maximizes current browser window.</doc>
<status status="PASS" start="2024-05-29T13:28:00.656035" elapsed="0.031239"/>
</kw>
<status status="PASS" start="2024-05-29T13:27:58.398724" elapsed="2.288550"/>
</kw>
<kw name="Dado que eu preencha o email" owner="login_page">
<kw name="Wait Until Element Is Visible" owner="SeleniumLibrary">
<arg>${CAMPO_EMAIL}</arg>
<arg>15s</arg>
<doc>Waits until the element ``locator`` is visible.</doc>
<status status="PASS" start="2024-05-29T13:28:00.689271" elapsed="0.054511"/>
</kw>
<kw name="Input Text" owner="SeleniumLibrary">
<msg time="2024-05-29T13:28:00.743782" level="INFO">Typing text 'ysavilela.dev@gmail.com' into text field 'css=input[data-testid="royal_email"]'.</msg>
<arg>${CAMPO_EMAIL}</arg>
<arg>${EMAIL}</arg>
<doc>Types the given ``text`` into the text field identified by ``locator``.</doc>
<status status="PASS" start="2024-05-29T13:28:00.743782" elapsed="0.204915"/>
</kw>
<status status="PASS" start="2024-05-29T13:28:00.688326" elapsed="0.260371"/>
</kw>
<kw name="E clique no botao de entrar" owner="login_page">
<kw name="Click Element" owner="SeleniumLibrary">
<msg time="2024-05-29T13:28:00.948697" level="INFO">Clicking element 'xpath=//button[contains(text(), 'Entrar')]'.</msg>
<arg>${BOTAO_LOGIN}</arg>
<doc>Click the element identified by ``locator``.</doc>
<status status="PASS" start="2024-05-29T13:28:00.948697" elapsed="0.076016"/>
</kw>
<status status="PASS" start="2024-05-29T13:28:00.948697" elapsed="0.076016"/>
</kw>
<kw name="E indique que quero continuar com a senha" owner="login_page">
<kw name="Wait Until Element Is Visible" owner="SeleniumLibrary">
<arg>${BOTAO_SEGUIR_COM_SENHA}</arg>
<arg>15s</arg>
<doc>Waits until the element ``locator`` is visible.</doc>
<status status="PASS" start="2024-05-29T13:28:01.028256" elapsed="3.170738"/>
</kw>
<kw name="Click Element" owner="SeleniumLibrary">
<msg time="2024-05-29T13:28:04.198994" level="INFO">Clicking element 'xpath=//a[contains(text(), 'Entrar com a senha')]'.</msg>
<arg>${BOTAO_SEGUIR_COM_SENHA}</arg>
<doc>Click the element identified by ``locator``.</doc>
<status status="PASS" start="2024-05-29T13:28:04.198994" elapsed="0.837189"/>
</kw>
<status status="PASS" start="2024-05-29T13:28:01.026237" elapsed="4.009946"/>
</kw>
<kw name="E coloco a senha de forma incorreta" owner="login_page">
<kw name="Wait Until Element Is Visible" owner="SeleniumLibrary">
<arg>${CAMPO_SENHA}</arg>
<arg>15s</arg>
<doc>Waits until the element ``locator`` is visible.</doc>
<status status="PASS" start="2024-05-29T13:28:05.036183" elapsed="0.028858"/>
</kw>
<kw name="Word" owner="FakerLibrary">
<msg time="2024-05-29T13:28:05.065741" level="INFO">${SenhaInvalida} = facilis</msg>
<var>${SenhaInvalida}</var>
<doc>Generate a word.</doc>
<status status="PASS" start="2024-05-29T13:28:05.065741" elapsed="0.000000"/>
</kw>
<kw name="Input Text" owner="SeleniumLibrary">
<msg time="2024-05-29T13:28:05.066928" level="INFO">Typing text 'facilis' into text field 'id:pass'.</msg>
<arg>${CAMPO_SENHA}</arg>
<arg>${SenhaInvalida}</arg>
<doc>Types the given ``text`` into the text field identified by ``locator``.</doc>
<status status="PASS" start="2024-05-29T13:28:05.065741" elapsed="0.118392"/>
</kw>
<status status="PASS" start="2024-05-29T13:28:05.036183" elapsed="0.147950"/>
</kw>
<kw name="E clique no botao de entrar" owner="login_page">
<kw name="Click Element" owner="SeleniumLibrary">
<msg time="2024-05-29T13:28:05.184133" level="INFO">Clicking element 'xpath=//button[contains(text(), 'Entrar')]'.</msg>
<arg>${BOTAO_LOGIN}</arg>
<doc>Click the element identified by ``locator``.</doc>
<status status="PASS" start="2024-05-29T13:28:05.184133" elapsed="0.097481"/>
</kw>
<status status="PASS" start="2024-05-29T13:28:05.184133" elapsed="0.097481"/>
</kw>
<kw name="Então verifico se mensagem de erro da senha foi exibida" owner="login_page">
<kw name="Wait Until Element Is Visible" owner="SeleniumLibrary">
<arg>${MENSAGEM_ERRO_SENHA}</arg>
<arg>15s</arg>
<doc>Waits until the element ``locator`` is visible.</doc>
<status status="PASS" start="2024-05-29T13:28:05.283642" elapsed="1.701135"/>
</kw>
<kw name="Element Should Be Visible" owner="SeleniumLibrary">
<msg time="2024-05-29T13:28:07.031797" level="INFO">Element 'xpath=//div[contains(text(), 'A senha que você inseriu está incorreta. ')]' is displayed.</msg>
<arg>${MENSAGEM_ERRO_SENHA}</arg>
<doc>Verifies that the element identified by ``locator`` is visible.</doc>
<status status="PASS" start="2024-05-29T13:28:06.984777" elapsed="0.047020"/>
</kw>
<status status="PASS" start="2024-05-29T13:28:05.282639" elapsed="1.749158"/>
</kw>
<kw name="Fechar o navegador" owner="setup" type="TEARDOWN">
<kw name="Close Browser" owner="SeleniumLibrary">
<doc>Closes the current browser.</doc>
<status status="PASS" start="2024-05-29T13:28:07.034446" elapsed="2.205197"/>
</kw>
<status status="PASS" start="2024-05-29T13:28:07.033898" elapsed="2.207265"/>
</kw>
<doc>Ao deixar o campo de senha nulo deve ser exibida uma mensagem de erro clara para erro no e-mail/telefone 'A senha que você inseriu está incorreta.’</doc>
<tag>Login</tag>
<status status="PASS" start="2024-05-29T13:27:58.398724" elapsed="10.843016"/>
</test>
<status status="PASS" start="2024-05-29T13:27:42.143879" elapsed="27.097861"/>
</suite>
<suite id="s1-s3" name="Publicacao" source="C:\dev\workspace\Teste-Facebook\testes\publicacao.robot">
<test id="s1-s3-t1" name="Caso de Teste: Criar uma publicação textual corretamente" line="7">
<kw name="Dado que eu acesse e realize o login" owner="setup" type="SETUP">
<kw name="Open Browser" owner="SeleniumLibrary">
<msg time="2024-05-29T13:28:09.277409" level="INFO">Opening browser 'Chrome' to base url 'https://www.facebook.com/'.</msg>
<arg>url=https://www.facebook.com/</arg>
<arg>browser=Chrome</arg>
<doc>Opens a new browser instance to the optional ``url``.</doc>
<status status="PASS" start="2024-05-29T13:28:09.277409" elapsed="2.348734"/>
</kw>
<kw name="Maximize Browser Window" owner="SeleniumLibrary">
<doc>Maximizes current browser window.</doc>
<status status="PASS" start="2024-05-29T13:28:11.627138" elapsed="0.038754"/>
</kw>
<kw name="Dado que eu preencha o email" owner="login_page">
<kw name="Wait Until Element Is Visible" owner="SeleniumLibrary">
<arg>${CAMPO_EMAIL}</arg>
<arg>15s</arg>
<doc>Waits until the element ``locator`` is visible.</doc>
<status status="PASS" start="2024-05-29T13:28:11.667883" elapsed="0.042392"/>
</kw>
<kw name="Input Text" owner="SeleniumLibrary">
<msg time="2024-05-29T13:28:11.711263" level="INFO">Typing text 'ysavilela.dev@gmail.com' into text field 'css=input[data-testid="royal_email"]'.</msg>
<arg>${CAMPO_EMAIL}</arg>
<arg>${EMAIL}</arg>
<doc>Types the given ``text`` into the text field identified by ``locator``.</doc>
<status status="PASS" start="2024-05-29T13:28:11.710275" elapsed="0.277335"/>
</kw>
<status status="PASS" start="2024-05-29T13:28:11.666883" elapsed="0.320727"/>
</kw>
<kw name="E preencha a senha" owner="login_page">
<kw name="Wait Until Element Is Visible" owner="SeleniumLibrary">
<arg>${CAMPO_SENHA}</arg>
<arg>15s</arg>
<doc>Waits until the element ``locator`` is visible.</doc>
<status status="PASS" start="2024-05-29T13:28:11.988640" elapsed="0.012435"/>
</kw>
<kw name="Input Text" owner="SeleniumLibrary">
<msg time="2024-05-29T13:28:12.001075" level="INFO">Typing text 'ysa.dev030515' into text field 'id:pass'.</msg>
<arg>${CAMPO_SENHA}</arg>
<arg>${SENHA}</arg>
<doc>Types the given ``text`` into the text field identified by ``locator``.</doc>
<status status="PASS" start="2024-05-29T13:28:12.001075" elapsed="0.178910"/>
</kw>
<status status="PASS" start="2024-05-29T13:28:11.988640" elapsed="0.191345"/>
</kw>
<kw name="E clique no botao de entrar" owner="login_page">
<kw name="Click Element" owner="SeleniumLibrary">
<msg time="2024-05-29T13:28:12.181000" level="INFO">Clicking element 'xpath=//button[contains(text(), 'Entrar')]'.</msg>
<arg>${BOTAO_LOGIN}</arg>
<doc>Click the element identified by ``locator``.</doc>
<status status="PASS" start="2024-05-29T13:28:12.181000" elapsed="0.064181"/>
</kw>
<status status="PASS" start="2024-05-29T13:28:12.179985" elapsed="0.066202"/>
</kw>
<kw name="Entao sou redirecionado para o feed inicial" owner="login_page">
<kw name="Sleep" owner="BuiltIn">
<msg time="2024-05-29T13:28:17.246709" level="INFO">Slept 5 seconds.</msg>
<arg>5s</arg>
<doc>Pauses the test executed for the given time.</doc>
<status status="PASS" start="2024-05-29T13:28:12.246187" elapsed="5.000522"/>
</kw>
<kw name="Execute Javascript" owner="SeleniumLibrary">
<msg time="2024-05-29T13:28:17.246709" level="INFO">Executing JavaScript:
document.querySelector('.__fb-light-mode.x1n2onr6.x1vjfegm').remove();
Without any arguments.</msg>
<arg>document.querySelector('.${DIV_BLOQUEIO.replace(' ', '.')}').remove();</arg>
<doc>Executes the given JavaScript code with possible arguments.</doc>
<status status="PASS" start="2024-05-29T13:28:17.246709" elapsed="0.010868"/>
</kw>
<kw name="Run Keyword And Ignore Error" owner="BuiltIn">
<kw name="Element Should Not Be Visible" owner="SeleniumLibrary">
<msg time="2024-05-29T13:28:17.270675" level="INFO">Element 'css:.__fb-light-mode.x1n2onr6.x1vjfegm' did not exist.</msg>
<arg>css:.${DIV_BLOQUEIO.replace(' ', '.')}</arg>
<doc>Verifies that the element identified by ``locator`` is NOT visible.</doc>
<status status="PASS" start="2024-05-29T13:28:17.257577" elapsed="0.013098"/>
</kw>
<arg>Element Should Not Be Visible</arg>
<arg>css:.${DIV_BLOQUEIO.replace(' ', '.')}</arg>
<doc>Runs the given keyword with the given arguments and ignores possible error.</doc>
<status status="PASS" start="2024-05-29T13:28:17.257577" elapsed="0.013098"/>
</kw>
<kw name="Wait Until Element Is Visible" owner="SeleniumLibrary">
<arg>${ICONE_FORYOU}</arg>
<arg>15s</arg>
<doc>Waits until the element ``locator`` is visible.</doc>
<status status="PASS" start="2024-05-29T13:28:17.270675" elapsed="0.012696"/>
</kw>
<kw name="Click Element" owner="SeleniumLibrary">
<msg time="2024-05-29T13:28:17.283371" level="INFO">Clicking element 'css=a[aria-label="Página inicial"]'.</msg>
<arg>${ICONE_FORYOU}</arg>
<doc>Click the element identified by ``locator``.</doc>
<status status="PASS" start="2024-05-29T13:28:17.283371" elapsed="0.172641"/>
</kw>
<status status="PASS" start="2024-05-29T13:28:12.246187" elapsed="5.209825"/>
</kw>
<status status="PASS" start="2024-05-29T13:28:09.277409" elapsed="8.178603"/>
</kw>
<kw name="Dado que eu abra area de criar publicacao" owner="publicacao_page">
<kw name="Wait Until Element Is Visible" owner="SeleniumLibrary">
<arg>${ABRIR_AREA_CONTEUDO}</arg>
<arg>10s</arg>
<doc>Waits until the element ``locator`` is visible.</doc>
<status status="PASS" start="2024-05-29T13:28:17.458023" elapsed="0.537108"/>
</kw>
<kw name="Click Element" owner="SeleniumLibrary">
<msg time="2024-05-29T13:28:17.995131" level="INFO">Clicking element 'xpath=//span[contains(text(), 'No que você está pensando, Pedro?')]'.</msg>
<arg>${ABRIR_AREA_CONTEUDO}</arg>
<doc>Click the element identified by ``locator``.</doc>
<status status="PASS" start="2024-05-29T13:28:17.995131" elapsed="0.324835"/>
</kw>
<status status="PASS" start="2024-05-29T13:28:17.457070" elapsed="0.862896"/>
</kw>
<kw name="E digite o conteudo" owner="publicacao_page">
<kw name="Wait Until Element Is Visible" owner="SeleniumLibrary">
<arg>${AREA_CONTEUDO}</arg>
<arg>10s</arg>
<doc>Waits until the element ``locator`` is visible.</doc>
<status status="PASS" start="2024-05-29T13:28:18.327799" elapsed="0.499939"/>
</kw>
<kw name="Word" owner="FakerLibrary">
<msg time="2024-05-29T13:28:18.827738" level="INFO">${Conteudo} = aut</msg>
<var>${Conteudo}</var>
<doc>Generate a word.</doc>
<status status="PASS" start="2024-05-29T13:28:18.827738" elapsed="0.000000"/>
</kw>
<kw name="Set Global Variable" owner="BuiltIn">
<msg time="2024-05-29T13:28:18.828738" level="INFO">${CONTEUDO} = aut</msg>
<arg>${CONTEUDO}</arg>
<arg>${Conteudo}</arg>
<doc>Makes a variable available globally in all tests and suites.</doc>
<status status="PASS" start="2024-05-29T13:28:18.827738" elapsed="0.001000"/>
</kw>
<kw name="Input Text" owner="SeleniumLibrary">
<msg time="2024-05-29T13:28:18.828738" level="INFO">Typing text 'aut' into text field 'css=div[aria-label="No que você está pensando, Pedro?"]'.</msg>
<arg>${AREA_CONTEUDO}</arg>
<arg>${Conteudo}</arg>
<doc>Types the given ``text`` into the text field identified by ``locator``.</doc>
<status status="PASS" start="2024-05-29T13:28:18.828738" elapsed="0.158161"/>
</kw>
<status status="PASS" start="2024-05-29T13:28:18.319966" elapsed="0.666933"/>
</kw>
<kw name="E verificar se o botao de publicar foi habilitado" owner="publicacao_page">
<kw name="Element Should Not Be Visible" owner="SeleniumLibrary">
<msg time="2024-05-29T13:28:19.006666" level="INFO">Element 'xpath=//div[@aria-label="Publicar" and @aria-disabled="true"]' did not exist.</msg>
<arg>${BOTAO_DESATIVADO}</arg>
<doc>Verifies that the element identified by ``locator`` is NOT visible.</doc>
<status status="PASS" start="2024-05-29T13:28:18.986899" elapsed="0.019767"/>
</kw>
<status status="PASS" start="2024-05-29T13:28:18.986899" elapsed="0.019767"/>
</kw>
<kw name="E pressione o botao de publicar" owner="publicacao_page">
<kw name="Click Element" owner="SeleniumLibrary">
<msg time="2024-05-29T13:28:19.008794" level="INFO">Clicking element 'css=div[aria-label="Publicar"]'.</msg>
<arg>${BOTAO_CRIAR_PUBLICACAO}</arg>
<doc>Click the element identified by ``locator``.</doc>
<status status="PASS" start="2024-05-29T13:28:19.007767" elapsed="0.117350"/>
</kw>
<kw name="Wait Until Element Is Not Visible" owner="SeleniumLibrary">
<arg>${CARREGANDO_PUBLICACAO}</arg>
<arg>30s</arg>
<doc>Waits until the element ``locator`` is not visible.</doc>
<status status="PASS" start="2024-05-29T13:28:19.125117" elapsed="2.254013"/>
</kw>
<status status="PASS" start="2024-05-29T13:28:19.007767" elapsed="2.371363"/>
</kw>
<kw name="Entao a publicacao deve ser exibida no feed" owner="publicacao_page">
<kw name="Set Variable" owner="BuiltIn">
<msg time="2024-05-29T13:28:21.381246" level="INFO">${Publicacao} = xpath=//div[contains(text(), 'aut')]</msg>
<var>${Publicacao}</var>
<arg>xpath=//div[contains(text(), '${CONTEUDO}')]</arg>
<doc>Returns the given values which can then be assigned to a variables.</doc>
<status status="PASS" start="2024-05-29T13:28:21.380221" elapsed="0.001025"/>
</kw>
<kw name="Wait Until Element Is Visible" owner="SeleniumLibrary">
<arg>${Publicacao}</arg>
<arg>10s</arg>
<doc>Waits until the element ``locator`` is visible.</doc>
<status status="PASS" start="2024-05-29T13:28:21.381246" elapsed="0.249533"/>
</kw>
<kw name="Element Should Be Visible" owner="SeleniumLibrary">
<msg time="2024-05-29T13:28:21.665324" level="INFO">Element 'xpath=//div[contains(text(), 'aut')]' is displayed.</msg>
<arg>${Publicacao}</arg>
<doc>Verifies that the element identified by ``locator`` is visible.</doc>
<status status="PASS" start="2024-05-29T13:28:21.630779" elapsed="0.034545"/>
</kw>
<status status="PASS" start="2024-05-29T13:28:21.380221" elapsed="0.285103"/>
</kw>
<kw name="Fechar o navegador" owner="setup" type="TEARDOWN">
<kw name="Close Browser" owner="SeleniumLibrary">
<doc>Closes the current browser.</doc>
<status status="PASS" start="2024-05-29T13:28:21.665324" elapsed="2.224048"/>
</kw>
<status status="PASS" start="2024-05-29T13:28:21.665324" elapsed="2.224048"/>
</kw>
<doc>Verifica se o campo de texto aceita entrada, habilita o botão de publicar após a inserção de texto, e garante que o post aparece no feed.</doc>
<tag>Realizar publicação</tag>
<status status="PASS" start="2024-05-29T13:28:09.277409" elapsed="14.611963"/>
</test>
<test id="s1-s3-t2" name="Caso de Teste: Criar uma publicacao com midia" line="16">
<kw name="Dado que eu acesse e realize o login" owner="setup" type="SETUP">
<kw name="Open Browser" owner="SeleniumLibrary">
<msg time="2024-05-29T13:28:23.894893" level="INFO">Opening browser 'Chrome' to base url 'https://www.facebook.com/'.</msg>
<arg>url=https://www.facebook.com/</arg>
<arg>browser=Chrome</arg>
<doc>Opens a new browser instance to the optional ``url``.</doc>
<status status="PASS" start="2024-05-29T13:28:23.894893" elapsed="2.250611"/>
</kw>
<kw name="Maximize Browser Window" owner="SeleniumLibrary">
<doc>Maximizes current browser window.</doc>
<status status="PASS" start="2024-05-29T13:28:26.145504" elapsed="0.030668"/>
</kw>
<kw name="Dado que eu preencha o email" owner="login_page">
<kw name="Wait Until Element Is Visible" owner="SeleniumLibrary">
<arg>${CAMPO_EMAIL}</arg>
<arg>15s</arg>
<doc>Waits until the element ``locator`` is visible.</doc>
<status status="PASS" start="2024-05-29T13:28:26.177806" elapsed="0.045209"/>
</kw>
<kw name="Input Text" owner="SeleniumLibrary">
<msg time="2024-05-29T13:28:26.224967" level="INFO">Typing text 'ysavilela.dev@gmail.com' into text field 'css=input[data-testid="royal_email"]'.</msg>
<arg>${CAMPO_EMAIL}</arg>
<arg>${EMAIL}</arg>
<doc>Types the given ``text`` into the text field identified by ``locator``.</doc>
<status status="PASS" start="2024-05-29T13:28:26.223970" elapsed="0.226497"/>
</kw>
<status status="PASS" start="2024-05-29T13:28:26.177165" elapsed="0.273302"/>
</kw>
<kw name="E preencha a senha" owner="login_page">
<kw name="Wait Until Element Is Visible" owner="SeleniumLibrary">
<arg>${CAMPO_SENHA}</arg>
<arg>15s</arg>
<doc>Waits until the element ``locator`` is visible.</doc>
<status status="PASS" start="2024-05-29T13:28:26.451683" elapsed="0.017151"/>
</kw>
<kw name="Input Text" owner="SeleniumLibrary">
<msg time="2024-05-29T13:28:26.469835" level="INFO">Typing text 'ysa.dev030515' into text field 'id:pass'.</msg>
<arg>${CAMPO_SENHA}</arg>
<arg>${SENHA}</arg>
<doc>Types the given ``text`` into the text field identified by ``locator``.</doc>
<status status="PASS" start="2024-05-29T13:28:26.469835" elapsed="0.098665"/>
</kw>
<status status="PASS" start="2024-05-29T13:28:26.451492" elapsed="0.117008"/>
</kw>
<kw name="E clique no botao de entrar" owner="login_page">
<kw name="Click Element" owner="SeleniumLibrary">
<msg time="2024-05-29T13:28:26.569504" level="INFO">Clicking element 'xpath=//button[contains(text(), 'Entrar')]'.</msg>
<arg>${BOTAO_LOGIN}</arg>
<doc>Click the element identified by ``locator``.</doc>
<status status="PASS" start="2024-05-29T13:28:26.568500" elapsed="0.049551"/>
</kw>
<status status="PASS" start="2024-05-29T13:28:26.568500" elapsed="0.049551"/>
</kw>
<kw name="Entao sou redirecionado para o feed inicial" owner="login_page">
<kw name="Sleep" owner="BuiltIn">
<msg time="2024-05-29T13:28:31.618776" level="INFO">Slept 5 seconds.</msg>
<arg>5s</arg>
<doc>Pauses the test executed for the given time.</doc>
<status status="PASS" start="2024-05-29T13:28:26.618051" elapsed="5.000725"/>
</kw>
<kw name="Execute Javascript" owner="SeleniumLibrary">
<msg time="2024-05-29T13:28:31.618776" level="INFO">Executing JavaScript:
document.querySelector('.__fb-light-mode.x1n2onr6.x1vjfegm').remove();
Without any arguments.</msg>
<arg>document.querySelector('.${DIV_BLOQUEIO.replace(' ', '.')}').remove();</arg>
<doc>Executes the given JavaScript code with possible arguments.</doc>
<status status="PASS" start="2024-05-29T13:28:31.618776" elapsed="0.016663"/>
</kw>
<kw name="Run Keyword And Ignore Error" owner="BuiltIn">
<kw name="Element Should Not Be Visible" owner="SeleniumLibrary">
<msg time="2024-05-29T13:28:31.650782" level="INFO">Element 'css:.__fb-light-mode.x1n2onr6.x1vjfegm' did not exist.</msg>
<arg>css:.${DIV_BLOQUEIO.replace(' ', '.')}</arg>
<doc>Verifies that the element identified by ``locator`` is NOT visible.</doc>
<status status="PASS" start="2024-05-29T13:28:31.635439" elapsed="0.015343"/>
</kw>
<arg>Element Should Not Be Visible</arg>
<arg>css:.${DIV_BLOQUEIO.replace(' ', '.')}</arg>
<doc>Runs the given keyword with the given arguments and ignores possible error.</doc>
<status status="PASS" start="2024-05-29T13:28:31.635439" elapsed="0.015343"/>
</kw>
<kw name="Wait Until Element Is Visible" owner="SeleniumLibrary">
<arg>${ICONE_FORYOU}</arg>
<arg>15s</arg>
<doc>Waits until the element ``locator`` is visible.</doc>
<status status="PASS" start="2024-05-29T13:28:31.651873" elapsed="0.022746"/>
</kw>
<kw name="Click Element" owner="SeleniumLibrary">
<msg time="2024-05-29T13:28:31.674619" level="INFO">Clicking element 'css=a[aria-label="Página inicial"]'.</msg>
<arg>${ICONE_FORYOU}</arg>
<doc>Click the element identified by ``locator``.</doc>
<status status="PASS" start="2024-05-29T13:28:31.674619" elapsed="0.190007"/>
</kw>
<status status="PASS" start="2024-05-29T13:28:26.618051" elapsed="5.246575"/>
</kw>
<status status="PASS" start="2024-05-29T13:28:23.894893" elapsed="7.969733"/>
</kw>
<kw name="Dado que eu abra area de criar publicacao" owner="publicacao_page">
<kw name="Wait Until Element Is Visible" owner="SeleniumLibrary">
<arg>${ABRIR_AREA_CONTEUDO}</arg>
<arg>10s</arg>
<doc>Waits until the element ``locator`` is visible.</doc>
<status status="PASS" start="2024-05-29T13:28:31.866826" elapsed="0.702786"/>
</kw>
<kw name="Click Element" owner="SeleniumLibrary">
<msg time="2024-05-29T13:28:32.569612" level="INFO">Clicking element 'xpath=//span[contains(text(), 'No que você está pensando, Pedro?')]'.</msg>
<arg>${ABRIR_AREA_CONTEUDO}</arg>
<doc>Click the element identified by ``locator``.</doc>
<status status="PASS" start="2024-05-29T13:28:32.569612" elapsed="0.147013"/>
</kw>
<status status="PASS" start="2024-05-29T13:28:31.866826" elapsed="0.849799"/>
</kw>
<kw name="E adicione uma midia" owner="publicacao_page">
<kw name="Copiar Imagem para Area de Tranferencia" owner="publicacao_page">
<kw name="Run" owner="OperatingSystem">
<msg time="2024-05-29T13:28:32.729772" level="INFO">Running command 'C:\dev\tools\nircmd\nircmd\nircmd.exe clipboard copyimage C:\dev\workspace\Teste-Facebook\images\bolt.jpg 2&gt;&amp;1'.</msg>
<arg>${NIRCMD_PATH} clipboard copyimage ${CaminhoDaImagem}</arg>
<doc>Runs the given command in the system and returns the output.</doc>
<status status="PASS" start="2024-05-29T13:28:32.718636" elapsed="0.082548"/>
</kw>
<arg>${CAMINHO_IMAGEM}</arg>
<status status="PASS" start="2024-05-29T13:28:32.718636" elapsed="0.082548"/>
</kw>
<kw name="Wait Until Element Is Visible" owner="SeleniumLibrary">
<arg>${AREA_CONTEUDO}</arg>
<arg>10s</arg>
<doc>Waits until the element ``locator`` is visible.</doc>
<status status="PASS" start="2024-05-29T13:28:32.801184" elapsed="0.551038"/>
</kw>
<kw name="Click Element" owner="SeleniumLibrary">
<msg time="2024-05-29T13:28:33.352222" level="INFO">Clicking element 'css=div[aria-label="No que você está pensando, Pedro?"]'.</msg>
<arg>${AREA_CONTEUDO}</arg>
<doc>Click the element identified by ``locator``.</doc>
<status status="PASS" start="2024-05-29T13:28:33.352222" elapsed="0.101490"/>
</kw>
<kw name="Foco no Browser" owner="publicacao_page">
<kw name="Get Window Handles" owner="SeleniumLibrary">
<msg time="2024-05-29T13:28:33.456276" level="INFO">${window_handles} = ['CEBBB8638ED74085FFCEEA342E62B8AE']</msg>
<var>${window_handles}</var>
<doc>Returns all child window handles of the selected browser as a list.</doc>
<status status="PASS" start="2024-05-29T13:28:33.453712" elapsed="0.002564"/>
</kw>
<kw name="Switch Window" owner="SeleniumLibrary">
<arg>${window_handles[0]}</arg>
<doc>Switches to browser window matching ``locator``.</doc>
<status status="PASS" start="2024-05-29T13:28:33.456276" elapsed="0.015286"/>
</kw>
<status status="PASS" start="2024-05-29T13:28:33.453712" elapsed="0.019848"/>
</kw>
<kw name="Colar da área de transferência" owner="publicacao_page">
<kw name="Send" owner="AutoItLibrary">
<arg>^v</arg>
<doc>method Send</doc>
<status status="PASS" start="2024-05-29T13:28:33.474932" elapsed="0.022655"/>
</kw>
<status status="PASS" start="2024-05-29T13:28:33.473560" elapsed="0.024868"/>
</kw>
<kw name="Wait Until Element Is Visible" owner="SeleniumLibrary">
<arg>${IMAGEM_ANEXADA}</arg>
<arg>90s</arg>
<doc>Waits until the element ``locator`` is visible.</doc>
<status status="PASS" start="2024-05-29T13:28:33.498428" elapsed="0.522143"/>
</kw>
<kw name="Element Should Be Visible" owner="SeleniumLibrary">
<msg time="2024-05-29T13:28:34.036085" level="INFO">Element 'css=div[aria-label="Mídia anexada"]' is displayed.</msg>
<arg>${IMAGEM_ANEXADA}</arg>
<doc>Verifies that the element identified by ``locator`` is visible.</doc>
<status status="PASS" start="2024-05-29T13:28:34.020571" elapsed="0.015514"/>
</kw>
<status status="PASS" start="2024-05-29T13:28:32.717633" elapsed="1.318452"/>
</kw>
<kw name="E verificar se o botao de publicar foi habilitado" owner="publicacao_page">
<kw name="Element Should Not Be Visible" owner="SeleniumLibrary">
<msg time="2024-05-29T13:28:34.056303" level="INFO">Element 'xpath=//div[@aria-label="Publicar" and @aria-disabled="true"]' did not exist.</msg>
<arg>${BOTAO_DESATIVADO}</arg>
<doc>Verifies that the element identified by ``locator`` is NOT visible.</doc>
<status status="PASS" start="2024-05-29T13:28:34.036085" elapsed="0.020218"/>
</kw>
<status status="PASS" start="2024-05-29T13:28:34.036085" elapsed="0.020218"/>
</kw>
<kw name="E pressione o botao de publicar" owner="publicacao_page">
<kw name="Click Element" owner="SeleniumLibrary">
<msg time="2024-05-29T13:28:34.057265" level="INFO">Clicking element 'css=div[aria-label="Publicar"]'.</msg>
<arg>${BOTAO_CRIAR_PUBLICACAO}</arg>
<doc>Click the element identified by ``locator``.</doc>
<status status="PASS" start="2024-05-29T13:28:34.057265" elapsed="0.101695"/>
</kw>
<kw name="Wait Until Element Is Not Visible" owner="SeleniumLibrary">
<arg>${CARREGANDO_PUBLICACAO}</arg>
<arg>30s</arg>
<doc>Waits until the element ``locator`` is not visible.</doc>
<status status="PASS" start="2024-05-29T13:28:34.159959" elapsed="3.845170"/>
</kw>
<status status="PASS" start="2024-05-29T13:28:34.056303" elapsed="3.948826"/>
</kw>
<kw name="Fechar o navegador" owner="setup" type="TEARDOWN">
<kw name="Close Browser" owner="SeleniumLibrary">
<doc>Closes the current browser.</doc>
<status status="PASS" start="2024-05-29T13:28:38.005129" elapsed="2.203744"/>
</kw>
<status status="PASS" start="2024-05-29T13:28:38.005129" elapsed="2.203744"/>
</kw>
<doc>Verifica se o campo de texto aceita entrada, permite upload de mídia, habilita o botão de publicar após inserir texto e mídia, e garante que o post com mídia aparece no feed.</doc>
<tag>Realizar publicação</tag>
<status status="PASS" start="2024-05-29T13:28:23.889372" elapsed="16.319501"/>
</test>
<test id="s1-s3-t3" name="Caso de Teste: Verifica se botao permanece desabilitado se nao houver conteudo a ser publicado" line="24">
<kw name="Dado que eu acesse e realize o login" owner="setup" type="SETUP">
<kw name="Open Browser" owner="SeleniumLibrary">
<msg time="2024-05-29T13:28:40.208873" level="INFO">Opening browser 'Chrome' to base url 'https://www.facebook.com/'.</msg>
<arg>url=https://www.facebook.com/</arg>
<arg>browser=Chrome</arg>
<doc>Opens a new browser instance to the optional ``url``.</doc>
<status status="PASS" start="2024-05-29T13:28:40.208873" elapsed="2.279035"/>
</kw>
<kw name="Maximize Browser Window" owner="SeleniumLibrary">
<doc>Maximizes current browser window.</doc>
<status status="PASS" start="2024-05-29T13:28:42.487908" elapsed="0.037567"/>
</kw>
<kw name="Dado que eu preencha o email" owner="login_page">
<kw name="Wait Until Element Is Visible" owner="SeleniumLibrary">
<arg>${CAMPO_EMAIL}</arg>
<arg>15s</arg>
<doc>Waits until the element ``locator`` is visible.</doc>
<status status="PASS" start="2024-05-29T13:28:42.525475" elapsed="0.048683"/>
</kw>
<kw name="Input Text" owner="SeleniumLibrary">
<msg time="2024-05-29T13:28:42.575208" level="INFO">Typing text 'ysavilela.dev@gmail.com' into text field 'css=input[data-testid="royal_email"]'.</msg>
<arg>${CAMPO_EMAIL}</arg>
<arg>${EMAIL}</arg>
<doc>Types the given ``text`` into the text field identified by ``locator``.</doc>
<status status="PASS" start="2024-05-29T13:28:42.575208" elapsed="0.239032"/>
</kw>
<status status="PASS" start="2024-05-29T13:28:42.525475" elapsed="0.288765"/>
</kw>
<kw name="E preencha a senha" owner="login_page">
<kw name="Wait Until Element Is Visible" owner="SeleniumLibrary">
<arg>${CAMPO_SENHA}</arg>
<arg>15s</arg>
<doc>Waits until the element ``locator`` is visible.</doc>
<status status="PASS" start="2024-05-29T13:28:42.814240" elapsed="0.024949"/>
</kw>
<kw name="Input Text" owner="SeleniumLibrary">
<msg time="2024-05-29T13:28:42.840213" level="INFO">Typing text 'ysa.dev030515' into text field 'id:pass'.</msg>
<arg>${CAMPO_SENHA}</arg>
<arg>${SENHA}</arg>
<doc>Types the given ``text`` into the text field identified by ``locator``.</doc>
<status status="PASS" start="2024-05-29T13:28:42.840213" elapsed="0.135099"/>
</kw>
<status status="PASS" start="2024-05-29T13:28:42.814240" elapsed="0.161072"/>
</kw>
<kw name="E clique no botao de entrar" owner="login_page">
<kw name="Click Element" owner="SeleniumLibrary">
<msg time="2024-05-29T13:28:42.975312" level="INFO">Clicking element 'xpath=//button[contains(text(), 'Entrar')]'.</msg>
<arg>${BOTAO_LOGIN}</arg>
<doc>Click the element identified by ``locator``.</doc>
<status status="PASS" start="2024-05-29T13:28:42.975312" elapsed="0.050378"/>
</kw>
<status status="PASS" start="2024-05-29T13:28:42.975312" elapsed="0.051359"/>
</kw>
<kw name="Entao sou redirecionado para o feed inicial" owner="login_page">
<kw name="Sleep" owner="BuiltIn">
<msg time="2024-05-29T13:28:48.027140" level="INFO">Slept 5 seconds.</msg>
<arg>5s</arg>
<doc>Pauses the test executed for the given time.</doc>
<status status="PASS" start="2024-05-29T13:28:43.026671" elapsed="5.000469"/>
</kw>
<kw name="Execute Javascript" owner="SeleniumLibrary">
<msg time="2024-05-29T13:28:48.029258" level="INFO">Executing JavaScript:
document.querySelector('.__fb-light-mode.x1n2onr6.x1vjfegm').remove();
Without any arguments.</msg>
<arg>document.querySelector('.${DIV_BLOQUEIO.replace(' ', '.')}').remove();</arg>
<doc>Executes the given JavaScript code with possible arguments.</doc>
<status status="PASS" start="2024-05-29T13:28:48.027140" elapsed="0.022727"/>
</kw>
<kw name="Run Keyword And Ignore Error" owner="BuiltIn">
<kw name="Element Should Not Be Visible" owner="SeleniumLibrary">
<msg time="2024-05-29T13:28:48.070958" level="INFO">Element 'css:.__fb-light-mode.x1n2onr6.x1vjfegm' did not exist.</msg>
<arg>css:.${DIV_BLOQUEIO.replace(' ', '.')}</arg>
<doc>Verifies that the element identified by ``locator`` is NOT visible.</doc>
<status status="PASS" start="2024-05-29T13:28:48.049867" elapsed="0.021091"/>
</kw>
<arg>Element Should Not Be Visible</arg>
<arg>css:.${DIV_BLOQUEIO.replace(' ', '.')}</arg>
<doc>Runs the given keyword with the given arguments and ignores possible error.</doc>
<status status="PASS" start="2024-05-29T13:28:48.049867" elapsed="0.021091"/>
</kw>
<kw name="Wait Until Element Is Visible" owner="SeleniumLibrary">
<arg>${ICONE_FORYOU}</arg>
<arg>15s</arg>
<doc>Waits until the element ``locator`` is visible.</doc>
<status status="PASS" start="2024-05-29T13:28:48.070958" elapsed="0.024318"/>
</kw>
<kw name="Click Element" owner="SeleniumLibrary">
<msg time="2024-05-29T13:28:48.096278" level="INFO">Clicking element 'css=a[aria-label="Página inicial"]'.</msg>
<arg>${ICONE_FORYOU}</arg>
<doc>Click the element identified by ``locator``.</doc>
<status status="PASS" start="2024-05-29T13:28:48.095276" elapsed="0.167137"/>
</kw>
<status status="PASS" start="2024-05-29T13:28:43.026671" elapsed="5.235742"/>
</kw>
<status status="PASS" start="2024-05-29T13:28:40.208873" elapsed="8.053540"/>
</kw>
<kw name="Dado que eu abra area de criar publicacao" owner="publicacao_page">
<kw name="Wait Until Element Is Visible" owner="SeleniumLibrary">
<arg>${ABRIR_AREA_CONTEUDO}</arg>
<arg>10s</arg>
<doc>Waits until the element ``locator`` is visible.</doc>
<status status="PASS" start="2024-05-29T13:28:48.265058" elapsed="0.565371"/>
</kw>
<kw name="Click Element" owner="SeleniumLibrary">
<msg time="2024-05-29T13:28:48.830429" level="INFO">Clicking element 'xpath=//span[contains(text(), 'No que você está pensando, Pedro?')]'.</msg>
<arg>${ABRIR_AREA_CONTEUDO}</arg>
<doc>Click the element identified by ``locator``.</doc>
<status status="PASS" start="2024-05-29T13:28:48.830429" elapsed="0.293684"/>
</kw>
<status status="PASS" start="2024-05-29T13:28:48.264604" elapsed="0.866146"/>
</kw>
<kw name="Entao o botao de publicar deve estar desabilitado" owner="publicacao_page">
<kw name="Wait Until Element Is Visible" owner="SeleniumLibrary">
<arg>${BOTAO_DESATIVADO}</arg>
<arg>10s</arg>
<doc>Waits until the element ``locator`` is visible.</doc>
<status status="PASS" start="2024-05-29T13:28:49.131617" elapsed="0.525287"/>
</kw>
<kw name="Element Should Be Visible" owner="SeleniumLibrary">
<msg time="2024-05-29T13:28:49.676308" level="INFO">Element 'xpath=//div[@aria-label="Publicar" and @aria-disabled="true"]' is displayed.</msg>
<arg>${BOTAO_DESATIVADO}</arg>
<doc>Verifies that the element identified by ``locator`` is visible.</doc>
<status status="PASS" start="2024-05-29T13:28:49.656904" elapsed="0.019404"/>
</kw>
<status status="PASS" start="2024-05-29T13:28:49.131348" elapsed="0.544960"/>
</kw>
<kw name="Fechar o navegador" owner="setup" type="TEARDOWN">
<kw name="Close Browser" owner="SeleniumLibrary">
<doc>Closes the current browser.</doc>
<status status="PASS" start="2024-05-29T13:28:49.676934" elapsed="2.218592"/>
</kw>
<status status="PASS" start="2024-05-29T13:28:49.676934" elapsed="2.218592"/>
</kw>
<doc>Verifica se o campo de texto aceita entrada, permite upload de mídia, habilita o botão de publicar após inserir texto e mídia, e garante que o post com mídia aparece no feed.</doc>
<tag>Realizar publicação</tag>
<status status="PASS" start="2024-05-29T13:28:40.208873" elapsed="11.686653"/>
</test>
<test id="s1-s3-t4" name="Caso de Teste: Cancelar uma publicação e o conteudo permance como rascunho" line="30">
<kw name="Dado que eu acesse e realize o login" owner="setup" type="SETUP">
<kw name="Open Browser" owner="SeleniumLibrary">
<msg time="2024-05-29T13:28:51.895526" level="INFO">Opening browser 'Chrome' to base url 'https://www.facebook.com/'.</msg>
<arg>url=https://www.facebook.com/</arg>
<arg>browser=Chrome</arg>
<doc>Opens a new browser instance to the optional ``url``.</doc>
<status status="PASS" start="2024-05-29T13:28:51.895526" elapsed="1.840869"/>
</kw>
<kw name="Maximize Browser Window" owner="SeleniumLibrary">
<doc>Maximizes current browser window.</doc>
<status status="PASS" start="2024-05-29T13:28:53.736395" elapsed="0.503612"/>
</kw>
<kw name="Dado que eu preencha o email" owner="login_page">
<kw name="Wait Until Element Is Visible" owner="SeleniumLibrary">
<arg>${CAMPO_EMAIL}</arg>
<arg>15s</arg>
<doc>Waits until the element ``locator`` is visible.</doc>
<status status="PASS" start="2024-05-29T13:28:54.240007" elapsed="0.028359"/>
</kw>
<kw name="Input Text" owner="SeleniumLibrary">
<msg time="2024-05-29T13:28:54.268366" level="INFO">Typing text 'ysavilela.dev@gmail.com' into text field 'css=input[data-testid="royal_email"]'.</msg>
<arg>${CAMPO_EMAIL}</arg>
<arg>${EMAIL}</arg>
<doc>Types the given ``text`` into the text field identified by ``locator``.</doc>
<status status="PASS" start="2024-05-29T13:28:54.268366" elapsed="0.125251"/>
</kw>
<status status="PASS" start="2024-05-29T13:28:54.240007" elapsed="0.153610"/>
</kw>
<kw name="E preencha a senha" owner="login_page">
<kw name="Wait Until Element Is Visible" owner="SeleniumLibrary">
<arg>${CAMPO_SENHA}</arg>
<arg>15s</arg>
<doc>Waits until the element ``locator`` is visible.</doc>
<status status="PASS" start="2024-05-29T13:28:54.394639" elapsed="0.003001"/>
</kw>
<kw name="Input Text" owner="SeleniumLibrary">
<msg time="2024-05-29T13:28:54.397640" level="INFO">Typing text 'ysa.dev030515' into text field 'id:pass'.</msg>
<arg>${CAMPO_SENHA}</arg>
<arg>${SENHA}</arg>
<doc>Types the given ``text`` into the text field identified by ``locator``.</doc>
<status status="PASS" start="2024-05-29T13:28:54.397640" elapsed="0.113155"/>
</kw>
<status status="PASS" start="2024-05-29T13:28:54.394639" elapsed="0.116156"/>
</kw>
<kw name="E clique no botao de entrar" owner="login_page">
<kw name="Click Element" owner="SeleniumLibrary">
<msg time="2024-05-29T13:28:54.511243" level="INFO">Clicking element 'xpath=//button[contains(text(), 'Entrar')]'.</msg>
<arg>${BOTAO_LOGIN}</arg>
<doc>Click the element identified by ``locator``.</doc>
<status status="PASS" start="2024-05-29T13:28:54.511243" elapsed="0.052903"/>
</kw>
<status status="PASS" start="2024-05-29T13:28:54.511243" elapsed="0.052903"/>
</kw>
<kw name="Entao sou redirecionado para o feed inicial" owner="login_page">
<kw name="Sleep" owner="BuiltIn">
<msg time="2024-05-29T13:28:59.565598" level="INFO">Slept 5 seconds.</msg>
<arg>5s</arg>
<doc>Pauses the test executed for the given time.</doc>
<status status="PASS" start="2024-05-29T13:28:54.565190" elapsed="5.000408"/>
</kw>
<kw name="Execute Javascript" owner="SeleniumLibrary">
<msg time="2024-05-29T13:28:59.565598" level="INFO">Executing JavaScript:
document.querySelector('.__fb-light-mode.x1n2onr6.x1vjfegm').remove();
Without any arguments.</msg>
<arg>document.querySelector('.${DIV_BLOQUEIO.replace(' ', '.')}').remove();</arg>
<doc>Executes the given JavaScript code with possible arguments.</doc>
<status status="PASS" start="2024-05-29T13:28:59.565598" elapsed="0.019625"/>
</kw>
<kw name="Run Keyword And Ignore Error" owner="BuiltIn">
<kw name="Element Should Not Be Visible" owner="SeleniumLibrary">
<msg time="2024-05-29T13:28:59.606463" level="INFO">Element 'css:.__fb-light-mode.x1n2onr6.x1vjfegm' did not exist.</msg>
<arg>css:.${DIV_BLOQUEIO.replace(' ', '.')}</arg>
<doc>Verifies that the element identified by ``locator`` is NOT visible.</doc>
<status status="PASS" start="2024-05-29T13:28:59.585223" elapsed="0.021240"/>
</kw>
<arg>Element Should Not Be Visible</arg>
<arg>css:.${DIV_BLOQUEIO.replace(' ', '.')}</arg>
<doc>Runs the given keyword with the given arguments and ignores possible error.</doc>
<status status="PASS" start="2024-05-29T13:28:59.585223" elapsed="0.021240"/>
</kw>
<kw name="Wait Until Element Is Visible" owner="SeleniumLibrary">
<arg>${ICONE_FORYOU}</arg>
<arg>15s</arg>
<doc>Waits until the element ``locator`` is visible.</doc>
<status status="PASS" start="2024-05-29T13:28:59.606463" elapsed="0.029366"/>
</kw>
<kw name="Click Element" owner="SeleniumLibrary">
<msg time="2024-05-29T13:28:59.635829" level="INFO">Clicking element 'css=a[aria-label="Página inicial"]'.</msg>
<arg>${ICONE_FORYOU}</arg>
<doc>Click the element identified by ``locator``.</doc>
<status status="PASS" start="2024-05-29T13:28:59.635829" elapsed="0.154713"/>
</kw>
<status status="PASS" start="2024-05-29T13:28:54.565190" elapsed="5.226355"/>
</kw>
<status status="PASS" start="2024-05-29T13:28:51.895526" elapsed="7.896019"/>
</kw>
<kw name="Dado que eu abra area de criar publicacao" owner="publicacao_page">
<kw name="Wait Until Element Is Visible" owner="SeleniumLibrary">
<arg>${ABRIR_AREA_CONTEUDO}</arg>
<arg>10s</arg>
<doc>Waits until the element ``locator`` is visible.</doc>
<status status="PASS" start="2024-05-29T13:28:59.794544" elapsed="0.541190"/>
</kw>
<kw name="Click Element" owner="SeleniumLibrary">
<msg time="2024-05-29T13:29:00.338251" level="INFO">Clicking element 'xpath=//span[contains(text(), 'No que você está pensando, Pedro?')]'.</msg>
<arg>${ABRIR_AREA_CONTEUDO}</arg>
<doc>Click the element identified by ``locator``.</doc>
<status status="PASS" start="2024-05-29T13:29:00.338251" elapsed="0.114420"/>
</kw>
<status status="PASS" start="2024-05-29T13:28:59.792556" elapsed="0.660115"/>
</kw>
<kw name="E digite o conteudo" owner="publicacao_page">
<kw name="Wait Until Element Is Visible" owner="SeleniumLibrary">
<arg>${AREA_CONTEUDO}</arg>
<arg>10s</arg>
<doc>Waits until the element ``locator`` is visible.</doc>
<status status="PASS" start="2024-05-29T13:29:00.454671" elapsed="0.402872"/>
</kw>
<kw name="Word" owner="FakerLibrary">
<msg time="2024-05-29T13:29:00.857543" level="INFO">${Conteudo} = exercitationem</msg>
<var>${Conteudo}</var>
<doc>Generate a word.</doc>
<status status="PASS" start="2024-05-29T13:29:00.857543" elapsed="0.001000"/>
</kw>
<kw name="Set Global Variable" owner="BuiltIn">
<msg time="2024-05-29T13:29:00.858543" level="INFO">${CONTEUDO} = exercitationem</msg>
<arg>${CONTEUDO}</arg>
<arg>${Conteudo}</arg>
<doc>Makes a variable available globally in all tests and suites.</doc>
<status status="PASS" start="2024-05-29T13:29:00.858543" elapsed="0.000000"/>
</kw>
<kw name="Input Text" owner="SeleniumLibrary">
<msg time="2024-05-29T13:29:00.858543" level="INFO">Typing text 'exercitationem' into text field 'css=div[aria-label="No que você está pensando, Pedro?"]'.</msg>
<arg>${AREA_CONTEUDO}</arg>
<arg>${Conteudo}</arg>
<doc>Types the given ``text`` into the text field identified by ``locator``.</doc>
<status status="PASS" start="2024-05-29T13:29:00.858543" elapsed="0.123047"/>
</kw>
<status status="PASS" start="2024-05-29T13:29:00.453672" elapsed="0.527918"/>
</kw>
<kw name="E pressione o botao de fechar" owner="publicacao_page">
<kw name="Wait Until Element Is Visible" owner="SeleniumLibrary">
<arg>${BOTAO_FECHAR}</arg>
<arg>10s</arg>
<doc>Waits until the element ``locator`` is visible.</doc>
<status status="PASS" start="2024-05-29T13:29:00.981590" elapsed="0.045385"/>
</kw>
<kw name="Click Element" owner="SeleniumLibrary">
<msg time="2024-05-29T13:29:01.027986" level="INFO">Clicking element 'xpath=//div[@aria-label="Fechar"]/parent::div'.</msg>
<arg>${BOTAO_FECHAR}</arg>
<doc>Click the element identified by ``locator``.</doc>
<status status="PASS" start="2024-05-29T13:29:01.026975" elapsed="0.083269"/>
</kw>
<status status="PASS" start="2024-05-29T13:29:00.981590" elapsed="0.128654"/>
</kw>
<kw name="Entao conteudo deve permaner no campo de criar publicacao como rascunho" owner="publicacao_page">
<kw name="Set Variable" owner="BuiltIn">
<msg time="2024-05-29T13:29:01.111725" level="INFO">${AreaDeRascunho} = xpath=//div[@aria-label="Criar uma publicação"]/div[1]/div/div[1]/span[contains(text(), 'exercitationem')]</msg>
<var>${AreaDeRascunho}</var>
<arg>xpath=//div[@aria-label="Criar uma publicação"]/div[1]/div/div[1]/span[contains(text(), '${CONTEUDO}')]</arg>
<doc>Returns the given values which can then be assigned to a variables.</doc>
<status status="PASS" start="2024-05-29T13:29:01.111725" elapsed="0.000000"/>
</kw>
<kw name="Wait Until Element Is Visible" owner="SeleniumLibrary">
<arg>${AreaDeRascunho}</arg>
<arg>10s</arg>
<doc>Waits until the element ``locator`` is visible.</doc>
<status status="PASS" start="2024-05-29T13:29:01.112741" elapsed="0.038351"/>
</kw>
<kw name="Element Should Be Visible" owner="SeleniumLibrary">
<msg time="2024-05-29T13:29:01.196671" level="INFO">Element 'xpath=//div[@aria-label="Criar uma publicação"]/div[1]/div/div[1]/span[contains(text(), 'exercitationem')]' is displayed.</msg>
<arg>${AreaDeRascunho}</arg>
<doc>Verifies that the element identified by ``locator`` is visible.</doc>
<status status="PASS" start="2024-05-29T13:29:01.152090" elapsed="0.044581"/>
</kw>
<status status="PASS" start="2024-05-29T13:29:01.111725" elapsed="0.084946"/>
</kw>
<kw name="Fechar o navegador" owner="setup" type="TEARDOWN">
<kw name="Close Browser" owner="SeleniumLibrary">
<doc>Closes the current browser.</doc>
<status status="PASS" start="2024-05-29T13:29:01.197675" elapsed="2.248644"/>
</kw>
<status status="PASS" start="2024-05-29T13:29:01.197675" elapsed="2.248644"/>
</kw>
<doc>Verica se ao fechar o pop-up de criar publicação que já cotinha um conteudo o mesmo deve permancer no input como rascunho visivel ao usuario</doc>
<tag>Realizar publicação</tag>
<status status="PASS" start="2024-05-29T13:28:51.895526" elapsed="11.550793"/>
</test>
<status status="PASS" start="2024-05-29T13:28:09.241740" elapsed="54.204579"/>
</suite>
<status status="PASS" start="2024-05-29T13:26:47.446909" elapsed="136.004968"/>
</suite>
<statistics>
<total>
<stat pass="10" fail="0" skip="0">All Tests</stat>
</total>
<tag>
<stat pass="3" fail="0" skip="0">Criar evento</stat>
<stat pass="3" fail="0" skip="0">Login</stat>
<stat pass="4" fail="0" skip="0">Realizar publicação</stat>
</tag>
<suite>
<stat pass="10" fail="0" skip="0" id="s1" name="Testes">Testes</stat>
<stat pass="3" fail="0" skip="0" id="s1-s1" name="Evento">Testes.Evento</stat>
<stat pass="3" fail="0" skip="0" id="s1-s2" name="Login">Testes.Login</stat>
<stat pass="4" fail="0" skip="0" id="s1-s3" name="Publicacao">Testes.Publicacao</stat>
</suite>
</statistics>
<errors>
</errors>
</robot>
